{"C:\\Users\\devca\\OneDrive\\Documentos\\developer\\mangalivre\\frontend\\src\\App.tsx": {"path":"C:\\Users\\devca\\OneDrive\\Documentos\\developer\\mangalivre\\frontend\\src\\App.tsx","statementMap":{"0":{"start":{"line":14,"column":2},"end":{"line":25,"column":null}}},"fnMap":{"0":{"name":"App","decl":{"start":{"line":13,"column":16},"end":{"line":13,"column":22}},"loc":{"start":{"line":13,"column":22},"end":{"line":27,"column":null}},"line":13}},"branchMap":{},"s":{"0":0},"f":{"0":0},"b":{},"meta":{"lastBranch":0,"lastFunction":1,"lastStatement":1,"seen":{"f:13:16:13:22":0,"s:14:2:25:Infinity":0}}}
,"C:\\Users\\devca\\OneDrive\\Documentos\\developer\\mangalivre\\frontend\\src\\app\\layout\\app-layout.tsx": {"path":"C:\\Users\\devca\\OneDrive\\Documentos\\developer\\mangalivre\\frontend\\src\\app\\layout\\app-layout.tsx","statementMap":{"0":{"start":{"line":17,"column":17},"end":{"line":22,"column":null}},"1":{"start":{"line":25,"column":36},"end":{"line":25,"column":null}},"2":{"start":{"line":27,"column":2},"end":{"line":109,"column":null}},"3":{"start":{"line":33,"column":25},"end":{"line":33,"column":null}},"4":{"start":{"line":52,"column":27},"end":{"line":52,"column":null}},"5":{"start":{"line":63,"column":12},"end":{"line":78,"column":null}},"6":{"start":{"line":66,"column":29},"end":{"line":66,"column":null}},"7":{"start":{"line":67,"column":37},"end":{"line":73,"column":null}},"8":{"start":{"line":95,"column":61},"end":{"line":95,"column":null}}},"fnMap":{"0":{"name":"AppLayout","decl":{"start":{"line":24,"column":16},"end":{"line":24,"column":28}},"loc":{"start":{"line":24,"column":28},"end":{"line":111,"column":null}},"line":24},"1":{"name":"(anonymous_1)","decl":{"start":{"line":33,"column":19},"end":{"line":33,"column":25}},"loc":{"start":{"line":33,"column":25},"end":{"line":33,"column":null}},"line":33},"2":{"name":"(anonymous_2)","decl":{"start":{"line":52,"column":21},"end":{"line":52,"column":27}},"loc":{"start":{"line":52,"column":27},"end":{"line":52,"column":null}},"line":52},"3":{"name":"(anonymous_3)","decl":{"start":{"line":62,"column":24},"end":{"line":62,"column":25}},"loc":{"start":{"line":63,"column":12},"end":{"line":78,"column":null}},"line":63},"4":{"name":"(anonymous_4)","decl":{"start":{"line":66,"column":23},"end":{"line":66,"column":29}},"loc":{"start":{"line":66,"column":29},"end":{"line":66,"column":null}},"line":66},"5":{"name":"(anonymous_5)","decl":{"start":{"line":67,"column":25},"end":{"line":67,"column":26}},"loc":{"start":{"line":67,"column":37},"end":{"line":73,"column":null}},"line":67},"6":{"name":"(anonymous_6)","decl":{"start":{"line":95,"column":55},"end":{"line":95,"column":61}},"loc":{"start":{"line":95,"column":61},"end":{"line":95,"column":null}},"line":95}},"branchMap":{"0":{"loc":{"start":{"line":30,"column":7},"end":{"line":34,"column":null}},"type":"binary-expr","locations":[{"start":{"line":30,"column":7},"end":{"line":30,"column":null}},{"start":{"line":31,"column":8},"end":{"line":34,"column":null}}],"line":30},"1":{"loc":{"start":{"line":41,"column":10},"end":{"line":41,"column":null}},"type":"cond-expr","locations":[{"start":{"line":41,"column":24},"end":{"line":41,"column":42}},{"start":{"line":41,"column":42},"end":{"line":41,"column":null}}],"line":41},"2":{"loc":{"start":{"line":70,"column":18},"end":{"line":72,"column":null}},"type":"cond-expr","locations":[{"start":{"line":71,"column":22},"end":{"line":71,"column":null}},{"start":{"line":72,"column":22},"end":{"line":72,"column":null}}],"line":70}},"s":{"0":0,"1":0,"2":0,"3":0,"4":0,"5":0,"6":0,"7":0,"8":0},"f":{"0":0,"1":0,"2":0,"3":0,"4":0,"5":0,"6":0},"b":{"0":[0,0],"1":[0,0],"2":[0,0]},"meta":{"lastBranch":3,"lastFunction":7,"lastStatement":9,"seen":{"s:17:17:22:Infinity":0,"f:24:16:24:28":0,"s:25:36:25:Infinity":1,"s:27:2:109:Infinity":2,"b:30:7:30:Infinity:31:8:34:Infinity":0,"f:33:19:33:25":1,"s:33:25:33:Infinity":3,"b:41:24:41:42:41:42:41:Infinity":1,"f:52:21:52:27":2,"s:52:27:52:Infinity":4,"f:62:24:62:25":3,"s:63:12:78:Infinity":5,"f:66:23:66:29":4,"s:66:29:66:Infinity":6,"f:67:25:67:26":5,"s:67:37:73:Infinity":7,"b:71:22:71:Infinity:72:22:72:Infinity":2,"f:95:55:95:61":6,"s:95:61:95:Infinity":8}}}
,"C:\\Users\\devca\\OneDrive\\Documentos\\developer\\mangalivre\\frontend\\src\\app\\layout\\index.ts": {"path":"C:\\Users\\devca\\OneDrive\\Documentos\\developer\\mangalivre\\frontend\\src\\app\\layout\\index.ts","statementMap":{},"fnMap":{},"branchMap":{},"s":{},"f":{},"b":{},"meta":{"lastBranch":0,"lastFunction":0,"lastStatement":0,"seen":{}}}
,"C:\\Users\\devca\\OneDrive\\Documentos\\developer\\mangalivre\\frontend\\src\\app\\providers\\app-providers.tsx": {"path":"C:\\Users\\devca\\OneDrive\\Documentos\\developer\\mangalivre\\frontend\\src\\app\\providers\\app-providers.tsx","statementMap":{"0":{"start":{"line":11,"column":2},"end":{"line":17,"column":null}}},"fnMap":{"0":{"name":"AppProviders","decl":{"start":{"line":10,"column":16},"end":{"line":10,"column":29}},"loc":{"start":{"line":10,"column":62},"end":{"line":19,"column":null}},"line":10}},"branchMap":{},"s":{"0":0},"f":{"0":0},"b":{},"meta":{"lastBranch":0,"lastFunction":1,"lastStatement":1,"seen":{"f:10:16:10:29":0,"s:11:2:17:Infinity":0}}}
,"C:\\Users\\devca\\OneDrive\\Documentos\\developer\\mangalivre\\frontend\\src\\app\\providers\\index.ts": {"path":"C:\\Users\\devca\\OneDrive\\Documentos\\developer\\mangalivre\\frontend\\src\\app\\providers\\index.ts","statementMap":{},"fnMap":{},"branchMap":{},"s":{},"f":{},"b":{},"meta":{"lastBranch":0,"lastFunction":0,"lastStatement":0,"seen":{}}}
,"C:\\Users\\devca\\OneDrive\\Documentos\\developer\\mangalivre\\frontend\\src\\app\\providers\\theme-provider.tsx": {"path":"C:\\Users\\devca\\OneDrive\\Documentos\\developer\\mangalivre\\frontend\\src\\app\\providers\\theme-provider.tsx","statementMap":{"0":{"start":{"line":10,"column":6},"end":{"line":13,"column":null}},"1":{"start":{"line":12,"column":18},"end":{"line":12,"column":null}},"2":{"start":{"line":26,"column":24},"end":{"line":28,"column":null}},"3":{"start":{"line":27,"column":11},"end":{"line":27,"column":null}},"4":{"start":{"line":30,"column":2},"end":{"line":43,"column":null}},"5":{"start":{"line":31,"column":17},"end":{"line":31,"column":null}},"6":{"start":{"line":32,"column":4},"end":{"line":32,"column":null}},"7":{"start":{"line":34,"column":4},"end":{"line":40,"column":null}},"8":{"start":{"line":35,"column":26},"end":{"line":37,"column":null}},"9":{"start":{"line":38,"column":6},"end":{"line":38,"column":null}},"10":{"start":{"line":39,"column":6},"end":{"line":39,"column":null}},"11":{"start":{"line":42,"column":4},"end":{"line":42,"column":null}},"12":{"start":{"line":45,"column":16},"end":{"line":51,"column":null}},"13":{"start":{"line":48,"column":6},"end":{"line":48,"column":null}},"14":{"start":{"line":49,"column":6},"end":{"line":49,"column":null}},"15":{"start":{"line":53,"column":2},"end":{"line":56,"column":null}},"16":{"start":{"line":60,"column":24},"end":{"line":64,"column":null}},"17":{"start":{"line":61,"column":8},"end":{"line":61,"column":null}},"18":{"start":{"line":62,"column":2},"end":{"line":62,"column":null}},"19":{"start":{"line":62,"column":29},"end":{"line":62,"column":null}},"20":{"start":{"line":63,"column":2},"end":{"line":63,"column":null}}},"fnMap":{"0":{"name":"(anonymous_0)","decl":{"start":{"line":12,"column":12},"end":{"line":12,"column":18}},"loc":{"start":{"line":12,"column":18},"end":{"line":12,"column":null}},"line":12},"1":{"name":"ThemeProvider","decl":{"start":{"line":21,"column":16},"end":{"line":21,"column":30}},"loc":{"start":{"line":25,"column":23},"end":{"line":58,"column":null}},"line":25},"2":{"name":"(anonymous_2)","decl":{"start":{"line":27,"column":4},"end":{"line":27,"column":11}},"loc":{"start":{"line":27,"column":11},"end":{"line":27,"column":null}},"line":27},"3":{"name":"(anonymous_3)","decl":{"start":{"line":30,"column":12},"end":{"line":30,"column":18}},"loc":{"start":{"line":30,"column":18},"end":{"line":43,"column":5}},"line":30},"4":{"name":"(anonymous_4)","decl":{"start":{"line":47,"column":14},"end":{"line":47,"column":15}},"loc":{"start":{"line":47,"column":32},"end":{"line":50,"column":null}},"line":47},"5":{"name":"(anonymous_5)","decl":{"start":{"line":60,"column":24},"end":{"line":60,"column":30}},"loc":{"start":{"line":60,"column":30},"end":{"line":64,"column":null}},"line":60}},"branchMap":{"0":{"loc":{"start":{"line":23,"column":2},"end":{"line":23,"column":null}},"type":"default-arg","locations":[{"start":{"line":23,"column":17},"end":{"line":23,"column":null}}],"line":23},"1":{"loc":{"start":{"line":24,"column":2},"end":{"line":24,"column":null}},"type":"default-arg","locations":[{"start":{"line":24,"column":15},"end":{"line":24,"column":null}}],"line":24},"2":{"loc":{"start":{"line":27,"column":11},"end":{"line":27,"column":null}},"type":"binary-expr","locations":[{"start":{"line":27,"column":11},"end":{"line":27,"column":57}},{"start":{"line":27,"column":57},"end":{"line":27,"column":null}}],"line":27},"3":{"loc":{"start":{"line":34,"column":4},"end":{"line":40,"column":null}},"type":"if","locations":[{"start":{"line":34,"column":4},"end":{"line":40,"column":null}},{"start":{},"end":{}}],"line":34},"4":{"loc":{"start":{"line":35,"column":26},"end":{"line":37,"column":null}},"type":"cond-expr","locations":[{"start":{"line":36,"column":10},"end":{"line":36,"column":null}},{"start":{"line":37,"column":10},"end":{"line":37,"column":null}}],"line":35},"5":{"loc":{"start":{"line":62,"column":2},"end":{"line":62,"column":null}},"type":"if","locations":[{"start":{"line":62,"column":2},"end":{"line":62,"column":null}},{"start":{},"end":{}}],"line":62}},"s":{"0":0,"1":0,"2":0,"3":0,"4":0,"5":0,"6":0,"7":0,"8":0,"9":0,"10":0,"11":0,"12":0,"13":0,"14":0,"15":0,"16":0,"17":0,"18":0,"19":0,"20":0},"f":{"0":0,"1":0,"2":0,"3":0,"4":0,"5":0},"b":{"0":[0],"1":[0],"2":[0,0],"3":[0,0],"4":[0,0],"5":[0,0]},"meta":{"lastBranch":6,"lastFunction":6,"lastStatement":21,"seen":{"s:10:6:13:Infinity":0,"f:12:12:12:18":0,"s:12:18:12:Infinity":1,"f:21:16:21:30":1,"b:23:17:23:Infinity":0,"b:24:15:24:Infinity":1,"s:26:24:28:Infinity":2,"f:27:4:27:11":2,"s:27:11:27:Infinity":3,"b:27:11:27:57:27:57:27:Infinity":2,"s:30:2:43:Infinity":4,"f:30:12:30:18":3,"s:31:17:31:Infinity":5,"s:32:4:32:Infinity":6,"b:34:4:40:Infinity:undefined:undefined:undefined:undefined":3,"s:34:4:40:Infinity":7,"s:35:26:37:Infinity":8,"b:36:10:36:Infinity:37:10:37:Infinity":4,"s:38:6:38:Infinity":9,"s:39:6:39:Infinity":10,"s:42:4:42:Infinity":11,"s:45:16:51:Infinity":12,"f:47:14:47:15":4,"s:48:6:48:Infinity":13,"s:49:6:49:Infinity":14,"s:53:2:56:Infinity":15,"s:60:24:64:Infinity":16,"f:60:24:60:30":5,"s:61:8:61:Infinity":17,"b:62:2:62:Infinity:undefined:undefined:undefined:undefined":5,"s:62:2:62:Infinity":18,"s:62:29:62:Infinity":19,"s:63:2:63:Infinity":20}}}
,"C:\\Users\\devca\\OneDrive\\Documentos\\developer\\mangalivre\\frontend\\src\\app\\routes\\connectors.tsx": {"path":"C:\\Users\\devca\\OneDrive\\Documentos\\developer\\mangalivre\\frontend\\src\\app\\routes\\connectors.tsx","statementMap":{"0":{"start":{"line":5,"column":2},"end":{"line":9,"column":null}}},"fnMap":{"0":{"name":"ConnectorsPage","decl":{"start":{"line":4,"column":16},"end":{"line":4,"column":33}},"loc":{"start":{"line":4,"column":33},"end":{"line":11,"column":null}},"line":4}},"branchMap":{},"s":{"0":0},"f":{"0":0},"b":{},"meta":{"lastBranch":0,"lastFunction":1,"lastStatement":1,"seen":{"f:4:16:4:33":0,"s:5:2:9:Infinity":0}}}
,"C:\\Users\\devca\\OneDrive\\Documentos\\developer\\mangalivre\\frontend\\src\\app\\routes\\dashboard.tsx": {"path":"C:\\Users\\devca\\OneDrive\\Documentos\\developer\\mangalivre\\frontend\\src\\app\\routes\\dashboard.tsx","statementMap":{"0":{"start":{"line":10,"column":36},"end":{"line":10,"column":null}},"1":{"start":{"line":11,"column":38},"end":{"line":11,"column":null}},"2":{"start":{"line":12,"column":28},"end":{"line":12,"column":null}},"3":{"start":{"line":14,"column":2},"end":{"line":18,"column":null}},"4":{"start":{"line":15,"column":4},"end":{"line":15,"column":null}},"5":{"start":{"line":16,"column":4},"end":{"line":16,"column":null}},"6":{"start":{"line":17,"column":4},"end":{"line":17,"column":null}},"7":{"start":{"line":20,"column":26},"end":{"line":22,"column":null}},"8":{"start":{"line":21,"column":11},"end":{"line":21,"column":null}},"9":{"start":{"line":24,"column":20},"end":{"line":53,"column":null}},"10":{"start":{"line":55,"column":2},"end":{"line":116,"column":null}},"11":{"start":{"line":61,"column":10},"end":{"line":73,"column":null}}},"fnMap":{"0":{"name":"DashboardPage","decl":{"start":{"line":9,"column":16},"end":{"line":9,"column":32}},"loc":{"start":{"line":9,"column":32},"end":{"line":118,"column":null}},"line":9},"1":{"name":"(anonymous_1)","decl":{"start":{"line":14,"column":12},"end":{"line":14,"column":18}},"loc":{"start":{"line":14,"column":18},"end":{"line":18,"column":5}},"line":14},"2":{"name":"(anonymous_2)","decl":{"start":{"line":21,"column":4},"end":{"line":21,"column":5}},"loc":{"start":{"line":21,"column":11},"end":{"line":21,"column":null}},"line":21},"3":{"name":"(anonymous_3)","decl":{"start":{"line":60,"column":23},"end":{"line":60,"column":24}},"loc":{"start":{"line":61,"column":10},"end":{"line":73,"column":null}},"line":61}},"branchMap":{"0":{"loc":{"start":{"line":21,"column":11},"end":{"line":21,"column":null}},"type":"binary-expr","locations":[{"start":{"line":21,"column":11},"end":{"line":21,"column":41}},{"start":{"line":21,"column":41},"end":{"line":21,"column":null}}],"line":21},"1":{"loc":{"start":{"line":48,"column":13},"end":{"line":48,"column":null}},"type":"cond-expr","locations":[{"start":{"line":48,"column":21},"end":{"line":48,"column":59}},{"start":{"line":48,"column":59},"end":{"line":48,"column":null}}],"line":48},"2":{"loc":{"start":{"line":78,"column":7},"end":{"line":99,"column":null}},"type":"binary-expr","locations":[{"start":{"line":78,"column":7},"end":{"line":78,"column":null}},{"start":{"line":79,"column":8},"end":{"line":99,"column":null}}],"line":78},"3":{"loc":{"start":{"line":102,"column":7},"end":{"line":114,"column":null}},"type":"binary-expr","locations":[{"start":{"line":102,"column":7},"end":{"line":102,"column":null}},{"start":{"line":103,"column":8},"end":{"line":114,"column":null}}],"line":102}},"s":{"0":0,"1":0,"2":0,"3":0,"4":0,"5":0,"6":0,"7":0,"8":0,"9":0,"10":0,"11":0},"f":{"0":0,"1":0,"2":0,"3":0},"b":{"0":[0,0],"1":[0,0],"2":[0,0],"3":[0,0]},"meta":{"lastBranch":4,"lastFunction":4,"lastStatement":12,"seen":{"f:9:16:9:32":0,"s:10:36:10:Infinity":0,"s:11:38:11:Infinity":1,"s:12:28:12:Infinity":2,"s:14:2:18:Infinity":3,"f:14:12:14:18":1,"s:15:4:15:Infinity":4,"s:16:4:16:Infinity":5,"s:17:4:17:Infinity":6,"s:20:26:22:Infinity":7,"f:21:4:21:5":2,"s:21:11:21:Infinity":8,"b:21:11:21:41:21:41:21:Infinity":0,"s:24:20:53:Infinity":9,"b:48:21:48:59:48:59:48:Infinity":1,"s:55:2:116:Infinity":10,"f:60:23:60:24":3,"s:61:10:73:Infinity":11,"b:78:7:78:Infinity:79:8:99:Infinity":2,"b:102:7:102:Infinity:103:8:114:Infinity":3}}}
,"C:\\Users\\devca\\OneDrive\\Documentos\\developer\\mangalivre\\frontend\\src\\app\\routes\\downloads.tsx": {"path":"C:\\Users\\devca\\OneDrive\\Documentos\\developer\\mangalivre\\frontend\\src\\app\\routes\\downloads.tsx","statementMap":{"0":{"start":{"line":5,"column":2},"end":{"line":12,"column":null}}},"fnMap":{"0":{"name":"DownloadsPage","decl":{"start":{"line":4,"column":16},"end":{"line":4,"column":32}},"loc":{"start":{"line":4,"column":32},"end":{"line":14,"column":null}},"line":4}},"branchMap":{},"s":{"0":0},"f":{"0":0},"b":{},"meta":{"lastBranch":0,"lastFunction":1,"lastStatement":1,"seen":{"f:4:16:4:32":0,"s:5:2:12:Infinity":0}}}
,"C:\\Users\\devca\\OneDrive\\Documentos\\developer\\mangalivre\\frontend\\src\\app\\routes\\index.ts": {"path":"C:\\Users\\devca\\OneDrive\\Documentos\\developer\\mangalivre\\frontend\\src\\app\\routes\\index.ts","statementMap":{},"fnMap":{},"branchMap":{},"s":{},"f":{},"b":{},"meta":{"lastBranch":0,"lastFunction":0,"lastStatement":0,"seen":{}}}
,"C:\\Users\\devca\\OneDrive\\Documentos\\developer\\mangalivre\\frontend\\src\\app\\routes\\manga.tsx": {"path":"C:\\Users\\devca\\OneDrive\\Documentos\\developer\\mangalivre\\frontend\\src\\app\\routes\\manga.tsx","statementMap":{"0":{"start":{"line":4,"column":2},"end":{"line":4,"column":null}}},"fnMap":{"0":{"name":"MangaPage","decl":{"start":{"line":3,"column":16},"end":{"line":3,"column":28}},"loc":{"start":{"line":3,"column":28},"end":{"line":5,"column":null}},"line":3}},"branchMap":{},"s":{"0":0},"f":{"0":0},"b":{},"meta":{"lastBranch":0,"lastFunction":1,"lastStatement":1,"seen":{"f:3:16:3:28":0,"s:4:2:4:Infinity":0}}}
,"C:\\Users\\devca\\OneDrive\\Documentos\\developer\\mangalivre\\frontend\\src\\app\\routes\\search.tsx": {"path":"C:\\Users\\devca\\OneDrive\\Documentos\\developer\\mangalivre\\frontend\\src\\app\\routes\\search.tsx","statementMap":{"0":{"start":{"line":5,"column":2},"end":{"line":9,"column":null}}},"fnMap":{"0":{"name":"SearchPage","decl":{"start":{"line":4,"column":16},"end":{"line":4,"column":29}},"loc":{"start":{"line":4,"column":29},"end":{"line":11,"column":null}},"line":4}},"branchMap":{},"s":{"0":0},"f":{"0":0},"b":{},"meta":{"lastBranch":0,"lastFunction":1,"lastStatement":1,"seen":{"f:4:16:4:29":0,"s:5:2:9:Infinity":0}}}
,"C:\\Users\\devca\\OneDrive\\Documentos\\developer\\mangalivre\\frontend\\src\\components\\shared\\empty-state.tsx": {"path":"C:\\Users\\devca\\OneDrive\\Documentos\\developer\\mangalivre\\frontend\\src\\components\\shared\\empty-state.tsx","statementMap":{"0":{"start":{"line":13,"column":2},"end":{"line":21,"column":null}}},"fnMap":{"0":{"name":"EmptyState","decl":{"start":{"line":12,"column":16},"end":{"line":12,"column":27}},"loc":{"start":{"line":12,"column":93},"end":{"line":23,"column":null}},"line":12}},"branchMap":{"0":{"loc":{"start":{"line":15,"column":7},"end":{"line":15,"column":null}},"type":"binary-expr","locations":[{"start":{"line":15,"column":7},"end":{"line":15,"column":15}},{"start":{"line":15,"column":15},"end":{"line":15,"column":null}}],"line":15},"1":{"loc":{"start":{"line":17,"column":7},"end":{"line":18,"column":null}},"type":"binary-expr","locations":[{"start":{"line":17,"column":7},"end":{"line":17,"column":null}},{"start":{"line":18,"column":8},"end":{"line":18,"column":null}}],"line":17},"2":{"loc":{"start":{"line":20,"column":7},"end":{"line":20,"column":null}},"type":"binary-expr","locations":[{"start":{"line":20,"column":7},"end":{"line":20,"column":17}},{"start":{"line":20,"column":17},"end":{"line":20,"column":null}}],"line":20}},"s":{"0":0},"f":{"0":0},"b":{"0":[0,0],"1":[0,0],"2":[0,0]},"meta":{"lastBranch":3,"lastFunction":1,"lastStatement":1,"seen":{"f:12:16:12:27":0,"s:13:2:21:Infinity":0,"b:15:7:15:15:15:15:15:Infinity":0,"b:17:7:17:Infinity:18:8:18:Infinity":1,"b:20:7:20:17:20:17:20:Infinity":2}}}
,"C:\\Users\\devca\\OneDrive\\Documentos\\developer\\mangalivre\\frontend\\src\\components\\shared\\error-boundary.tsx": {"path":"C:\\Users\\devca\\OneDrive\\Documentos\\developer\\mangalivre\\frontend\\src\\components\\shared\\error-boundary.tsx","statementMap":{"0":{"start":{"line":17,"column":4},"end":{"line":17,"column":null}},"1":{"start":{"line":18,"column":4},"end":{"line":18,"column":null}},"2":{"start":{"line":22,"column":4},"end":{"line":22,"column":null}},"3":{"start":{"line":26,"column":4},"end":{"line":26,"column":null}},"4":{"start":{"line":30,"column":4},"end":{"line":48,"column":null}},"5":{"start":{"line":31,"column":6},"end":{"line":31,"column":null}},"6":{"start":{"line":31,"column":31},"end":{"line":31,"column":null}},"7":{"start":{"line":33,"column":6},"end":{"line":46,"column":null}},"8":{"start":{"line":42,"column":27},"end":{"line":42,"column":null}},"9":{"start":{"line":50,"column":4},"end":{"line":50,"column":null}}},"fnMap":{"0":{"name":"(anonymous_0)","decl":{"start":{"line":16,"column":2},"end":{"line":16,"column":14}},"loc":{"start":{"line":16,"column":28},"end":{"line":19,"column":null}},"line":16},"1":{"name":"(anonymous_1)","decl":{"start":{"line":21,"column":9},"end":{"line":21,"column":34}},"loc":{"start":{"line":21,"column":55},"end":{"line":23,"column":null}},"line":21},"2":{"name":"(anonymous_2)","decl":{"start":{"line":25,"column":2},"end":{"line":25,"column":20}},"loc":{"start":{"line":25,"column":56},"end":{"line":27,"column":null}},"line":25},"3":{"name":"(anonymous_3)","decl":{"start":{"line":29,"column":2},"end":{"line":29,"column":11}},"loc":{"start":{"line":29,"column":11},"end":{"line":51,"column":null}},"line":29},"4":{"name":"(anonymous_4)","decl":{"start":{"line":42,"column":21},"end":{"line":42,"column":27}},"loc":{"start":{"line":42,"column":27},"end":{"line":42,"column":null}},"line":42}},"branchMap":{"0":{"loc":{"start":{"line":30,"column":4},"end":{"line":48,"column":null}},"type":"if","locations":[{"start":{"line":30,"column":4},"end":{"line":48,"column":null}},{"start":{},"end":{}}],"line":30},"1":{"loc":{"start":{"line":31,"column":6},"end":{"line":31,"column":null}},"type":"if","locations":[{"start":{"line":31,"column":6},"end":{"line":31,"column":null}},{"start":{},"end":{}}],"line":31},"2":{"loc":{"start":{"line":38,"column":13},"end":{"line":38,"column":null}},"type":"binary-expr","locations":[{"start":{"line":38,"column":13},"end":{"line":38,"column":42}},{"start":{"line":38,"column":42},"end":{"line":38,"column":null}}],"line":38}},"s":{"0":0,"1":0,"2":0,"3":0,"4":0,"5":0,"6":0,"7":0,"8":0,"9":0},"f":{"0":0,"1":0,"2":0,"3":0,"4":0},"b":{"0":[0,0],"1":[0,0],"2":[0,0]},"meta":{"lastBranch":3,"lastFunction":5,"lastStatement":10,"seen":{"f:16:2:16:14":0,"s:17:4:17:Infinity":0,"s:18:4:18:Infinity":1,"f:21:9:21:34":1,"s:22:4:22:Infinity":2,"f:25:2:25:20":2,"s:26:4:26:Infinity":3,"f:29:2:29:11":3,"b:30:4:48:Infinity:undefined:undefined:undefined:undefined":0,"s:30:4:48:Infinity":4,"b:31:6:31:Infinity:undefined:undefined:undefined:undefined":1,"s:31:6:31:Infinity":5,"s:31:31:31:Infinity":6,"s:33:6:46:Infinity":7,"b:38:13:38:42:38:42:38:Infinity":2,"f:42:21:42:27":4,"s:42:27:42:Infinity":8,"s:50:4:50:Infinity":9}}}
,"C:\\Users\\devca\\OneDrive\\Documentos\\developer\\mangalivre\\frontend\\src\\components\\shared\\index.ts": {"path":"C:\\Users\\devca\\OneDrive\\Documentos\\developer\\mangalivre\\frontend\\src\\components\\shared\\index.ts","statementMap":{},"fnMap":{},"branchMap":{},"s":{},"f":{},"b":{},"meta":{"lastBranch":0,"lastFunction":0,"lastStatement":0,"seen":{}}}
,"C:\\Users\\devca\\OneDrive\\Documentos\\developer\\mangalivre\\frontend\\src\\components\\shared\\loading-spinner.tsx": {"path":"C:\\Users\\devca\\OneDrive\\Documentos\\developer\\mangalivre\\frontend\\src\\components\\shared\\loading-spinner.tsx","statementMap":{"0":{"start":{"line":10,"column":16},"end":{"line":14,"column":null}},"1":{"start":{"line":17,"column":2},"end":{"line":21,"column":null}}},"fnMap":{"0":{"name":"LoadingSpinner","decl":{"start":{"line":16,"column":16},"end":{"line":16,"column":31}},"loc":{"start":{"line":16,"column":86},"end":{"line":23,"column":null}},"line":16}},"branchMap":{"0":{"loc":{"start":{"line":16,"column":44},"end":{"line":16,"column":57}},"type":"default-arg","locations":[{"start":{"line":16,"column":51},"end":{"line":16,"column":57}}],"line":16},"1":{"loc":{"start":{"line":20,"column":7},"end":{"line":20,"column":null}},"type":"binary-expr","locations":[{"start":{"line":20,"column":7},"end":{"line":20,"column":15}},{"start":{"line":20,"column":15},"end":{"line":20,"column":null}}],"line":20}},"s":{"0":0,"1":0},"f":{"0":0},"b":{"0":[0],"1":[0,0]},"meta":{"lastBranch":2,"lastFunction":1,"lastStatement":2,"seen":{"s:10:16:14:Infinity":0,"f:16:16:16:31":0,"b:16:51:16:57":0,"s:17:2:21:Infinity":1,"b:20:7:20:15:20:15:20:Infinity":1}}}
,"C:\\Users\\devca\\OneDrive\\Documentos\\developer\\mangalivre\\frontend\\src\\components\\shared\\page-header.tsx": {"path":"C:\\Users\\devca\\OneDrive\\Documentos\\developer\\mangalivre\\frontend\\src\\components\\shared\\page-header.tsx","statementMap":{"0":{"start":{"line":10,"column":2},"end":{"line":19,"column":null}}},"fnMap":{"0":{"name":"PageHeader","decl":{"start":{"line":9,"column":16},"end":{"line":9,"column":27}},"loc":{"start":{"line":9,"column":78},"end":{"line":21,"column":null}},"line":9}},"branchMap":{"0":{"loc":{"start":{"line":14,"column":9},"end":{"line":15,"column":null}},"type":"binary-expr","locations":[{"start":{"line":14,"column":9},"end":{"line":14,"column":null}},{"start":{"line":15,"column":10},"end":{"line":15,"column":null}}],"line":14},"1":{"loc":{"start":{"line":18,"column":7},"end":{"line":18,"column":null}},"type":"binary-expr","locations":[{"start":{"line":18,"column":7},"end":{"line":18,"column":19}},{"start":{"line":18,"column":19},"end":{"line":18,"column":null}}],"line":18}},"s":{"0":0},"f":{"0":0},"b":{"0":[0,0],"1":[0,0]},"meta":{"lastBranch":2,"lastFunction":1,"lastStatement":1,"seen":{"f:9:16:9:27":0,"s:10:2:19:Infinity":0,"b:14:9:14:Infinity:15:10:15:Infinity":0,"b:18:7:18:19:18:19:18:Infinity":1}}}
,"C:\\Users\\devca\\OneDrive\\Documentos\\developer\\mangalivre\\frontend\\src\\components\\shared\\theme-toggle.tsx": {"path":"C:\\Users\\devca\\OneDrive\\Documentos\\developer\\mangalivre\\frontend\\src\\components\\shared\\theme-toggle.tsx","statementMap":{"0":{"start":{"line":6,"column":26},"end":{"line":6,"column":null}},"1":{"start":{"line":8,"column":2},"end":{"line":17,"column":null}},"2":{"start":{"line":12,"column":21},"end":{"line":12,"column":null}}},"fnMap":{"0":{"name":"ThemeToggle","decl":{"start":{"line":5,"column":16},"end":{"line":5,"column":30}},"loc":{"start":{"line":5,"column":30},"end":{"line":19,"column":null}},"line":5},"1":{"name":"(anonymous_1)","decl":{"start":{"line":12,"column":15},"end":{"line":12,"column":21}},"loc":{"start":{"line":12,"column":21},"end":{"line":12,"column":null}},"line":12}},"branchMap":{"0":{"loc":{"start":{"line":12,"column":30},"end":{"line":12,"column":66}},"type":"cond-expr","locations":[{"start":{"line":12,"column":50},"end":{"line":12,"column":59}},{"start":{"line":12,"column":59},"end":{"line":12,"column":66}}],"line":12}},"s":{"0":0,"1":0,"2":0},"f":{"0":0,"1":0},"b":{"0":[0,0]},"meta":{"lastBranch":1,"lastFunction":2,"lastStatement":3,"seen":{"f:5:16:5:30":0,"s:6:26:6:Infinity":0,"s:8:2:17:Infinity":1,"f:12:15:12:21":1,"s:12:21:12:Infinity":2,"b:12:50:12:59:12:59:12:66":0}}}
,"C:\\Users\\devca\\OneDrive\\Documentos\\developer\\mangalivre\\frontend\\src\\components\\ui\\badge.tsx": {"path":"C:\\Users\\devca\\OneDrive\\Documentos\\developer\\mangalivre\\frontend\\src\\components\\ui\\badge.tsx","statementMap":{"0":{"start":{"line":5,"column":6},"end":{"line":27,"column":null}},"1":{"start":{"line":34,"column":2},"end":{"line":34,"column":null}}},"fnMap":{"0":{"name":"Badge","decl":{"start":{"line":33,"column":9},"end":{"line":33,"column":15}},"loc":{"start":{"line":33,"column":61},"end":{"line":35,"column":null}},"line":33}},"branchMap":{},"s":{"0":1,"1":4},"f":{"0":4},"b":{},"meta":{"lastBranch":0,"lastFunction":1,"lastStatement":2,"seen":{"s:5:6:27:Infinity":0,"f:33:9:33:15":0,"s:34:2:34:Infinity":1}}}
,"C:\\Users\\devca\\OneDrive\\Documentos\\developer\\mangalivre\\frontend\\src\\components\\ui\\button.tsx": {"path":"C:\\Users\\devca\\OneDrive\\Documentos\\developer\\mangalivre\\frontend\\src\\components\\ui\\button.tsx","statementMap":{"0":{"start":{"line":5,"column":6},"end":{"line":32,"column":null}},"1":{"start":{"line":38,"column":15},"end":{"line":48,"column":null}},"2":{"start":{"line":40,"column":4},"end":{"line":45,"column":null}},"3":{"start":{"line":49,"column":0},"end":{"line":49,"column":null}}},"fnMap":{"0":{"name":"(anonymous_0)","decl":{"start":{"line":39,"column":2},"end":{"line":39,"column":3}},"loc":{"start":{"line":39,"column":51},"end":{"line":47,"column":null}},"line":39}},"branchMap":{},"s":{"0":0,"1":0,"2":0,"3":0},"f":{"0":0},"b":{},"meta":{"lastBranch":0,"lastFunction":1,"lastStatement":4,"seen":{"s:5:6:32:Infinity":0,"s:38:15:48:Infinity":1,"f:39:2:39:3":0,"s:40:4:45:Infinity":2,"s:49:0:49:Infinity":3}}}
,"C:\\Users\\devca\\OneDrive\\Documentos\\developer\\mangalivre\\frontend\\src\\components\\ui\\card.tsx": {"path":"C:\\Users\\devca\\OneDrive\\Documentos\\developer\\mangalivre\\frontend\\src\\components\\ui\\card.tsx","statementMap":{"0":{"start":{"line":4,"column":13},"end":{"line":15,"column":null}},"1":{"start":{"line":6,"column":4},"end":{"line":13,"column":null}},"2":{"start":{"line":16,"column":0},"end":{"line":16,"column":null}},"3":{"start":{"line":18,"column":19},"end":{"line":22,"column":null}},"4":{"start":{"line":20,"column":4},"end":{"line":20,"column":null}},"5":{"start":{"line":23,"column":0},"end":{"line":23,"column":null}},"6":{"start":{"line":25,"column":18},"end":{"line":29,"column":null}},"7":{"start":{"line":27,"column":4},"end":{"line":27,"column":null}},"8":{"start":{"line":30,"column":0},"end":{"line":30,"column":null}},"9":{"start":{"line":32,"column":24},"end":{"line":37,"column":null}},"10":{"start":{"line":36,"column":2},"end":{"line":36,"column":null}},"11":{"start":{"line":38,"column":0},"end":{"line":38,"column":null}},"12":{"start":{"line":40,"column":20},"end":{"line":44,"column":null}},"13":{"start":{"line":42,"column":4},"end":{"line":42,"column":null}},"14":{"start":{"line":45,"column":0},"end":{"line":45,"column":null}},"15":{"start":{"line":47,"column":19},"end":{"line":51,"column":null}},"16":{"start":{"line":49,"column":4},"end":{"line":49,"column":null}},"17":{"start":{"line":52,"column":0},"end":{"line":52,"column":null}}},"fnMap":{"0":{"name":"(anonymous_0)","decl":{"start":{"line":5,"column":2},"end":{"line":5,"column":3}},"loc":{"start":{"line":6,"column":4},"end":{"line":13,"column":null}},"line":6},"1":{"name":"(anonymous_1)","decl":{"start":{"line":19,"column":2},"end":{"line":19,"column":3}},"loc":{"start":{"line":20,"column":4},"end":{"line":20,"column":null}},"line":20},"2":{"name":"(anonymous_2)","decl":{"start":{"line":26,"column":2},"end":{"line":26,"column":3}},"loc":{"start":{"line":27,"column":4},"end":{"line":27,"column":null}},"line":27},"3":{"name":"(anonymous_3)","decl":{"start":{"line":35,"column":2},"end":{"line":35,"column":3}},"loc":{"start":{"line":36,"column":2},"end":{"line":36,"column":null}},"line":36},"4":{"name":"(anonymous_4)","decl":{"start":{"line":41,"column":2},"end":{"line":41,"column":3}},"loc":{"start":{"line":42,"column":4},"end":{"line":42,"column":null}},"line":42},"5":{"name":"(anonymous_5)","decl":{"start":{"line":48,"column":2},"end":{"line":48,"column":3}},"loc":{"start":{"line":49,"column":4},"end":{"line":49,"column":null}},"line":49}},"branchMap":{},"s":{"0":0,"1":0,"2":0,"3":0,"4":0,"5":0,"6":0,"7":0,"8":0,"9":0,"10":0,"11":0,"12":0,"13":0,"14":0,"15":0,"16":0,"17":0},"f":{"0":0,"1":0,"2":0,"3":0,"4":0,"5":0},"b":{},"meta":{"lastBranch":0,"lastFunction":6,"lastStatement":18,"seen":{"s:4:13:15:Infinity":0,"f:5:2:5:3":0,"s:6:4:13:Infinity":1,"s:16:0:16:Infinity":2,"s:18:19:22:Infinity":3,"f:19:2:19:3":1,"s:20:4:20:Infinity":4,"s:23:0:23:Infinity":5,"s:25:18:29:Infinity":6,"f:26:2:26:3":2,"s:27:4:27:Infinity":7,"s:30:0:30:Infinity":8,"s:32:24:37:Infinity":9,"f:35:2:35:3":3,"s:36:2:36:Infinity":10,"s:38:0:38:Infinity":11,"s:40:20:44:Infinity":12,"f:41:2:41:3":4,"s:42:4:42:Infinity":13,"s:45:0:45:Infinity":14,"s:47:19:51:Infinity":15,"f:48:2:48:3":5,"s:49:4:49:Infinity":16,"s:52:0:52:Infinity":17}}}
,"C:\\Users\\devca\\OneDrive\\Documentos\\developer\\mangalivre\\frontend\\src\\components\\ui\\index.ts": {"path":"C:\\Users\\devca\\OneDrive\\Documentos\\developer\\mangalivre\\frontend\\src\\components\\ui\\index.ts","statementMap":{},"fnMap":{},"branchMap":{},"s":{},"f":{},"b":{},"meta":{"lastBranch":0,"lastFunction":0,"lastStatement":0,"seen":{}}}
,"C:\\Users\\devca\\OneDrive\\Documentos\\developer\\mangalivre\\frontend\\src\\components\\ui\\input.tsx": {"path":"C:\\Users\\devca\\OneDrive\\Documentos\\developer\\mangalivre\\frontend\\src\\components\\ui\\input.tsx","statementMap":{"0":{"start":{"line":6,"column":14},"end":{"line":20,"column":null}},"1":{"start":{"line":8,"column":4},"end":{"line":17,"column":null}},"2":{"start":{"line":21,"column":0},"end":{"line":21,"column":null}}},"fnMap":{"0":{"name":"(anonymous_0)","decl":{"start":{"line":7,"column":2},"end":{"line":7,"column":3}},"loc":{"start":{"line":7,"column":42},"end":{"line":19,"column":null}},"line":7}},"branchMap":{},"s":{"0":0,"1":0,"2":0},"f":{"0":0},"b":{},"meta":{"lastBranch":0,"lastFunction":1,"lastStatement":3,"seen":{"s:6:14:20:Infinity":0,"f:7:2:7:3":0,"s:8:4:17:Infinity":1,"s:21:0:21:Infinity":2}}}
,"C:\\Users\\devca\\OneDrive\\Documentos\\developer\\mangalivre\\frontend\\src\\components\\ui\\progress.tsx": {"path":"C:\\Users\\devca\\OneDrive\\Documentos\\developer\\mangalivre\\frontend\\src\\components\\ui\\progress.tsx","statementMap":{"0":{"start":{"line":9,"column":17},"end":{"line":30,"column":null}},"1":{"start":{"line":11,"column":23},"end":{"line":11,"column":null}},"2":{"start":{"line":13,"column":4},"end":{"line":27,"column":null}},"3":{"start":{"line":31,"column":0},"end":{"line":31,"column":null}}},"fnMap":{"0":{"name":"(anonymous_0)","decl":{"start":{"line":10,"column":2},"end":{"line":10,"column":3}},"loc":{"start":{"line":10,"column":58},"end":{"line":29,"column":null}},"line":10}},"branchMap":{"0":{"loc":{"start":{"line":10,"column":16},"end":{"line":10,"column":27}},"type":"default-arg","locations":[{"start":{"line":10,"column":24},"end":{"line":10,"column":27}}],"line":10},"1":{"loc":{"start":{"line":10,"column":27},"end":{"line":10,"column":38}},"type":"default-arg","locations":[{"start":{"line":10,"column":33},"end":{"line":10,"column":38}}],"line":10}},"s":{"0":0,"1":0,"2":0,"3":0},"f":{"0":0},"b":{"0":[0],"1":[0]},"meta":{"lastBranch":2,"lastFunction":1,"lastStatement":4,"seen":{"s:9:17:30:Infinity":0,"f:10:2:10:3":0,"b:10:24:10:27":0,"b:10:33:10:38":1,"s:11:23:11:Infinity":1,"s:13:4:27:Infinity":2,"s:31:0:31:Infinity":3}}}
,"C:\\Users\\devca\\OneDrive\\Documentos\\developer\\mangalivre\\frontend\\src\\components\\ui\\scroll-area.tsx": {"path":"C:\\Users\\devca\\OneDrive\\Documentos\\developer\\mangalivre\\frontend\\src\\components\\ui\\scroll-area.tsx","statementMap":{"0":{"start":{"line":4,"column":19},"end":{"line":14,"column":null}},"1":{"start":{"line":6,"column":4},"end":{"line":12,"column":null}},"2":{"start":{"line":15,"column":0},"end":{"line":15,"column":null}}},"fnMap":{"0":{"name":"(anonymous_0)","decl":{"start":{"line":5,"column":2},"end":{"line":5,"column":3}},"loc":{"start":{"line":6,"column":4},"end":{"line":12,"column":null}},"line":6}},"branchMap":{},"s":{"0":0,"1":0,"2":0},"f":{"0":0},"b":{},"meta":{"lastBranch":0,"lastFunction":1,"lastStatement":3,"seen":{"s:4:19:14:Infinity":0,"f:5:2:5:3":0,"s:6:4:12:Infinity":1,"s:15:0:15:Infinity":2}}}
,"C:\\Users\\devca\\OneDrive\\Documentos\\developer\\mangalivre\\frontend\\src\\components\\ui\\select.tsx": {"path":"C:\\Users\\devca\\OneDrive\\Documentos\\developer\\mangalivre\\frontend\\src\\components\\ui\\select.tsx","statementMap":{"0":{"start":{"line":9,"column":15},"end":{"line":33,"column":null}},"1":{"start":{"line":11,"column":4},"end":{"line":30,"column":null}},"2":{"start":{"line":26,"column":10},"end":{"line":28,"column":null}},"3":{"start":{"line":34,"column":0},"end":{"line":34,"column":null}}},"fnMap":{"0":{"name":"(anonymous_0)","decl":{"start":{"line":10,"column":2},"end":{"line":10,"column":3}},"loc":{"start":{"line":10,"column":58},"end":{"line":32,"column":null}},"line":10},"1":{"name":"(anonymous_1)","decl":{"start":{"line":25,"column":21},"end":{"line":25,"column":22}},"loc":{"start":{"line":26,"column":10},"end":{"line":28,"column":null}},"line":26}},"branchMap":{"0":{"loc":{"start":{"line":20,"column":9},"end":{"line":23,"column":null}},"type":"binary-expr","locations":[{"start":{"line":20,"column":9},"end":{"line":20,"column":null}},{"start":{"line":21,"column":10},"end":{"line":23,"column":null}}],"line":20}},"s":{"0":0,"1":0,"2":0,"3":0},"f":{"0":0,"1":0},"b":{"0":[0,0]},"meta":{"lastBranch":1,"lastFunction":2,"lastStatement":4,"seen":{"s:9:15:33:Infinity":0,"f:10:2:10:3":0,"s:11:4:30:Infinity":1,"b:20:9:20:Infinity:21:10:23:Infinity":0,"f:25:21:25:22":1,"s:26:10:28:Infinity":2,"s:34:0:34:Infinity":3}}}
,"C:\\Users\\devca\\OneDrive\\Documentos\\developer\\mangalivre\\frontend\\src\\components\\ui\\separator.tsx": {"path":"C:\\Users\\devca\\OneDrive\\Documentos\\developer\\mangalivre\\frontend\\src\\components\\ui\\separator.tsx","statementMap":{"0":{"start":{"line":4,"column":18},"end":{"line":22,"column":null}},"1":{"start":{"line":11,"column":2},"end":{"line":21,"column":null}},"2":{"start":{"line":23,"column":0},"end":{"line":23,"column":null}}},"fnMap":{"0":{"name":"(anonymous_0)","decl":{"start":{"line":10,"column":2},"end":{"line":10,"column":3}},"loc":{"start":{"line":11,"column":2},"end":{"line":21,"column":null}},"line":11}},"branchMap":{"0":{"loc":{"start":{"line":10,"column":16},"end":{"line":10,"column":44}},"type":"default-arg","locations":[{"start":{"line":10,"column":30},"end":{"line":10,"column":44}}],"line":10},"1":{"loc":{"start":{"line":10,"column":44},"end":{"line":10,"column":63}},"type":"default-arg","locations":[{"start":{"line":10,"column":57},"end":{"line":10,"column":63}}],"line":10},"2":{"loc":{"start":{"line":13,"column":10},"end":{"line":13,"column":null}},"type":"cond-expr","locations":[{"start":{"line":13,"column":23},"end":{"line":13,"column":32}},{"start":{"line":13,"column":32},"end":{"line":13,"column":null}}],"line":13},"3":{"loc":{"start":{"line":14,"column":22},"end":{"line":14,"column":null}},"type":"cond-expr","locations":[{"start":{"line":14,"column":35},"end":{"line":14,"column":47}},{"start":{"line":14,"column":47},"end":{"line":14,"column":null}}],"line":14},"4":{"loc":{"start":{"line":17,"column":6},"end":{"line":17,"column":null}},"type":"cond-expr","locations":[{"start":{"line":17,"column":37},"end":{"line":17,"column":56}},{"start":{"line":17,"column":56},"end":{"line":17,"column":null}}],"line":17}},"s":{"0":0,"1":0,"2":0},"f":{"0":0},"b":{"0":[0],"1":[0],"2":[0,0],"3":[0,0],"4":[0,0]},"meta":{"lastBranch":5,"lastFunction":1,"lastStatement":3,"seen":{"s:4:18:22:Infinity":0,"f:10:2:10:3":0,"s:11:2:21:Infinity":1,"b:10:30:10:44":0,"b:10:57:10:63":1,"b:13:23:13:32:13:32:13:Infinity":2,"b:14:35:14:47:14:47:14:Infinity":3,"b:17:37:17:56:17:56:17:Infinity":4,"s:23:0:23:Infinity":2}}}
,"C:\\Users\\devca\\OneDrive\\Documentos\\developer\\mangalivre\\frontend\\src\\components\\ui\\skeleton.tsx": {"path":"C:\\Users\\devca\\OneDrive\\Documentos\\developer\\mangalivre\\frontend\\src\\components\\ui\\skeleton.tsx","statementMap":{"0":{"start":{"line":4,"column":2},"end":{"line":8,"column":null}}},"fnMap":{"0":{"name":"Skeleton","decl":{"start":{"line":3,"column":9},"end":{"line":3,"column":18}},"loc":{"start":{"line":3,"column":81},"end":{"line":10,"column":null}},"line":3}},"branchMap":{},"s":{"0":0},"f":{"0":0},"b":{},"meta":{"lastBranch":0,"lastFunction":1,"lastStatement":1,"seen":{"f:3:9:3:18":0,"s:4:2:8:Infinity":0}}}
,"C:\\Users\\devca\\OneDrive\\Documentos\\developer\\mangalivre\\frontend\\src\\features\\connectors\\connector-card.tsx": {"path":"C:\\Users\\devca\\OneDrive\\Documentos\\developer\\mangalivre\\frontend\\src\\features\\connectors\\connector-card.tsx","statementMap":{"0":{"start":{"line":11,"column":2},"end":{"line":50,"column":null}},"1":{"start":{"line":41,"column":31},"end":{"line":41,"column":null}},"2":{"start":{"line":42,"column":67},"end":{"line":45,"column":16}}},"fnMap":{"0":{"name":"ConnectorCard","decl":{"start":{"line":10,"column":16},"end":{"line":10,"column":30}},"loc":{"start":{"line":10,"column":80},"end":{"line":52,"column":null}},"line":10},"1":{"name":"(anonymous_1)","decl":{"start":{"line":41,"column":24},"end":{"line":41,"column":25}},"loc":{"start":{"line":41,"column":31},"end":{"line":41,"column":null}},"line":41},"2":{"name":"(anonymous_2)","decl":{"start":{"line":42,"column":56},"end":{"line":42,"column":57}},"loc":{"start":{"line":42,"column":67},"end":{"line":45,"column":16}},"line":42}},"branchMap":{"0":{"loc":{"start":{"line":22,"column":15},"end":{"line":25,"column":null}},"type":"binary-expr","locations":[{"start":{"line":22,"column":15},"end":{"line":22,"column":null}},{"start":{"line":23,"column":16},"end":{"line":25,"column":null}}],"line":22},"1":{"loc":{"start":{"line":36,"column":9},"end":{"line":47,"column":null}},"type":"binary-expr","locations":[{"start":{"line":36,"column":9},"end":{"line":36,"column":41}},{"start":{"line":36,"column":41},"end":{"line":36,"column":84}},{"start":{"line":36,"column":84},"end":{"line":36,"column":null}},{"start":{"line":37,"column":10},"end":{"line":47,"column":null}}],"line":36},"2":{"loc":{"start":{"line":40,"column":21},"end":{"line":40,"column":null}},"type":"binary-expr","locations":[{"start":{"line":40,"column":21},"end":{"line":40,"column":50}},{"start":{"line":40,"column":50},"end":{"line":40,"column":null}}],"line":40}},"s":{"0":0,"1":0,"2":0},"f":{"0":0,"1":0,"2":0},"b":{"0":[0,0],"1":[0,0,0,0],"2":[0,0]},"meta":{"lastBranch":3,"lastFunction":3,"lastStatement":3,"seen":{"f:10:16:10:30":0,"s:11:2:50:Infinity":0,"b:22:15:22:Infinity:23:16:25:Infinity":0,"b:36:9:36:41:36:41:36:84:36:84:36:Infinity:37:10:47:Infinity":1,"b:40:21:40:50:40:50:40:Infinity":2,"f:41:24:41:25":1,"s:41:31:41:Infinity":1,"f:42:56:42:57":2,"s:42:67:45:16":2}}}
,"C:\\Users\\devca\\OneDrive\\Documentos\\developer\\mangalivre\\frontend\\src\\features\\connectors\\connector-list.tsx": {"path":"C:\\Users\\devca\\OneDrive\\Documentos\\developer\\mangalivre\\frontend\\src\\features\\connectors\\connector-list.tsx","statementMap":{"0":{"start":{"line":8,"column":67},"end":{"line":8,"column":null}},"1":{"start":{"line":10,"column":2},"end":{"line":12,"column":null}},"2":{"start":{"line":11,"column":4},"end":{"line":11,"column":null}},"3":{"start":{"line":14,"column":2},"end":{"line":16,"column":null}},"4":{"start":{"line":15,"column":4},"end":{"line":15,"column":null}},"5":{"start":{"line":18,"column":2},"end":{"line":24,"column":null}},"6":{"start":{"line":19,"column":4},"end":{"line":22,"column":null}},"7":{"start":{"line":26,"column":2},"end":{"line":34,"column":null}},"8":{"start":{"line":27,"column":4},"end":{"line":32,"column":null}},"9":{"start":{"line":36,"column":2},"end":{"line":45,"column":null}},"10":{"start":{"line":39,"column":8},"end":{"line":43,"column":null}}},"fnMap":{"0":{"name":"ConnectorList","decl":{"start":{"line":7,"column":16},"end":{"line":7,"column":32}},"loc":{"start":{"line":7,"column":32},"end":{"line":47,"column":null}},"line":7},"1":{"name":"(anonymous_1)","decl":{"start":{"line":10,"column":12},"end":{"line":10,"column":18}},"loc":{"start":{"line":10,"column":18},"end":{"line":12,"column":5}},"line":10},"2":{"name":"(anonymous_2)","decl":{"start":{"line":38,"column":22},"end":{"line":38,"column":23}},"loc":{"start":{"line":39,"column":8},"end":{"line":43,"column":null}},"line":39}},"branchMap":{"0":{"loc":{"start":{"line":14,"column":2},"end":{"line":16,"column":null}},"type":"if","locations":[{"start":{"line":14,"column":2},"end":{"line":16,"column":null}},{"start":{},"end":{}}],"line":14},"1":{"loc":{"start":{"line":14,"column":6},"end":{"line":14,"column":42}},"type":"binary-expr","locations":[{"start":{"line":14,"column":6},"end":{"line":14,"column":17}},{"start":{"line":14,"column":17},"end":{"line":14,"column":42}}],"line":14},"2":{"loc":{"start":{"line":18,"column":2},"end":{"line":24,"column":null}},"type":"if","locations":[{"start":{"line":18,"column":2},"end":{"line":24,"column":null}},{"start":{},"end":{}}],"line":18},"3":{"loc":{"start":{"line":26,"column":2},"end":{"line":34,"column":null}},"type":"if","locations":[{"start":{"line":26,"column":2},"end":{"line":34,"column":null}},{"start":{},"end":{}}],"line":26}},"s":{"0":0,"1":0,"2":0,"3":0,"4":0,"5":0,"6":0,"7":0,"8":0,"9":0,"10":0},"f":{"0":0,"1":0,"2":0},"b":{"0":[0,0],"1":[0,0],"2":[0,0],"3":[0,0]},"meta":{"lastBranch":4,"lastFunction":3,"lastStatement":11,"seen":{"f:7:16:7:32":0,"s:8:67:8:Infinity":0,"s:10:2:12:Infinity":1,"f:10:12:10:18":1,"s:11:4:11:Infinity":2,"b:14:2:16:Infinity:undefined:undefined:undefined:undefined":0,"s:14:2:16:Infinity":3,"b:14:6:14:17:14:17:14:42":1,"s:15:4:15:Infinity":4,"b:18:2:24:Infinity:undefined:undefined:undefined:undefined":2,"s:18:2:24:Infinity":5,"s:19:4:22:Infinity":6,"b:26:2:34:Infinity:undefined:undefined:undefined:undefined":3,"s:26:2:34:Infinity":7,"s:27:4:32:Infinity":8,"s:36:2:45:Infinity":9,"f:38:22:38:23":2,"s:39:8:43:Infinity":10}}}
,"C:\\Users\\devca\\OneDrive\\Documentos\\developer\\mangalivre\\frontend\\src\\features\\connectors\\index.ts": {"path":"C:\\Users\\devca\\OneDrive\\Documentos\\developer\\mangalivre\\frontend\\src\\features\\connectors\\index.ts","statementMap":{},"fnMap":{},"branchMap":{},"s":{},"f":{},"b":{},"meta":{"lastBranch":0,"lastFunction":0,"lastStatement":0,"seen":{}}}
,"C:\\Users\\devca\\OneDrive\\Documentos\\developer\\mangalivre\\frontend\\src\\features\\downloads\\download-card.tsx": {"path":"C:\\Users\\devca\\OneDrive\\Documentos\\developer\\mangalivre\\frontend\\src\\features\\downloads\\download-card.tsx","statementMap":{"0":{"start":{"line":11,"column":103},"end":{"line":17,"column":null}},"1":{"start":{"line":20,"column":19},"end":{"line":20,"column":null}},"2":{"start":{"line":22,"column":2},"end":{"line":85,"column":null}},"3":{"start":{"line":77,"column":29},"end":{"line":77,"column":null}}},"fnMap":{"0":{"name":"DownloadCard","decl":{"start":{"line":19,"column":16},"end":{"line":19,"column":29}},"loc":{"start":{"line":19,"column":72},"end":{"line":87,"column":null}},"line":19},"1":{"name":"(anonymous_1)","decl":{"start":{"line":77,"column":23},"end":{"line":77,"column":29}},"loc":{"start":{"line":77,"column":29},"end":{"line":77,"column":null}},"line":77}},"branchMap":{"0":{"loc":{"start":{"line":20,"column":19},"end":{"line":20,"column":null}},"type":"binary-expr","locations":[{"start":{"line":20,"column":19},"end":{"line":20,"column":56}},{"start":{"line":20,"column":56},"end":{"line":20,"column":null}}],"line":20},"1":{"loc":{"start":{"line":29,"column":30},"end":{"line":29,"column":null}},"type":"binary-expr","locations":[{"start":{"line":29,"column":30},"end":{"line":29,"column":64}},{"start":{"line":29,"column":64},"end":{"line":29,"column":null}}],"line":29},"2":{"loc":{"start":{"line":30,"column":17},"end":{"line":30,"column":null}},"type":"binary-expr","locations":[{"start":{"line":30,"column":17},"end":{"line":30,"column":60}},{"start":{"line":30,"column":60},"end":{"line":30,"column":null}}],"line":30},"3":{"loc":{"start":{"line":36,"column":15},"end":{"line":37,"column":null}},"type":"binary-expr","locations":[{"start":{"line":36,"column":15},"end":{"line":36,"column":null}},{"start":{"line":37,"column":16},"end":{"line":37,"column":null}}],"line":36},"4":{"loc":{"start":{"line":42,"column":13},"end":{"line":51,"column":null}},"type":"binary-expr","locations":[{"start":{"line":42,"column":13},"end":{"line":42,"column":null}},{"start":{"line":43,"column":14},"end":{"line":51,"column":null}}],"line":42},"5":{"loc":{"start":{"line":55,"column":13},"end":{"line":60,"column":null}},"type":"binary-expr","locations":[{"start":{"line":55,"column":13},"end":{"line":55,"column":null}},{"start":{"line":56,"column":14},"end":{"line":60,"column":null}}],"line":55},"6":{"loc":{"start":{"line":66,"column":15},"end":{"line":67,"column":null}},"type":"binary-expr","locations":[{"start":{"line":66,"column":15},"end":{"line":66,"column":null}},{"start":{"line":67,"column":16},"end":{"line":67,"column":null}}],"line":66},"7":{"loc":{"start":{"line":72,"column":11},"end":{"line":81,"column":null}},"type":"binary-expr","locations":[{"start":{"line":72,"column":11},"end":{"line":72,"column":null}},{"start":{"line":73,"column":12},"end":{"line":81,"column":null}}],"line":72}},"s":{"0":0,"1":0,"2":0,"3":0},"f":{"0":0,"1":0},"b":{"0":[0,0],"1":[0,0],"2":[0,0],"3":[0,0],"4":[0,0],"5":[0,0],"6":[0,0],"7":[0,0]},"meta":{"lastBranch":8,"lastFunction":2,"lastStatement":4,"seen":{"s:11:103:17:Infinity":0,"f:19:16:19:29":0,"s:20:19:20:Infinity":1,"b:20:19:20:56:20:56:20:Infinity":0,"s:22:2:85:Infinity":2,"b:29:30:29:64:29:64:29:Infinity":1,"b:30:17:30:60:30:60:30:Infinity":2,"b:36:15:36:Infinity:37:16:37:Infinity":3,"b:42:13:42:Infinity:43:14:51:Infinity":4,"b:55:13:55:Infinity:56:14:60:Infinity":5,"b:66:15:66:Infinity:67:16:67:Infinity":6,"b:72:11:72:Infinity:73:12:81:Infinity":7,"f:77:23:77:29":1,"s:77:29:77:Infinity":3}}}
,"C:\\Users\\devca\\OneDrive\\Documentos\\developer\\mangalivre\\frontend\\src\\features\\downloads\\download-list.tsx": {"path":"C:\\Users\\devca\\OneDrive\\Documentos\\developer\\mangalivre\\frontend\\src\\features\\downloads\\download-list.tsx","statementMap":{"0":{"start":{"line":16,"column":2},"end":{"line":16,"column":null}},"1":{"start":{"line":18,"column":2},"end":{"line":22,"column":null}},"2":{"start":{"line":19,"column":4},"end":{"line":19,"column":null}},"3":{"start":{"line":20,"column":4},"end":{"line":20,"column":null}},"4":{"start":{"line":21,"column":4},"end":{"line":21,"column":null}},"5":{"start":{"line":21,"column":17},"end":{"line":21,"column":null}},"6":{"start":{"line":24,"column":2},"end":{"line":26,"column":null}},"7":{"start":{"line":25,"column":4},"end":{"line":25,"column":null}},"8":{"start":{"line":28,"column":2},"end":{"line":34,"column":null}},"9":{"start":{"line":29,"column":4},"end":{"line":32,"column":null}},"10":{"start":{"line":36,"column":2},"end":{"line":44,"column":null}},"11":{"start":{"line":37,"column":4},"end":{"line":42,"column":null}},"12":{"start":{"line":46,"column":2},"end":{"line":55,"column":null}},"13":{"start":{"line":49,"column":8},"end":{"line":53,"column":null}}},"fnMap":{"0":{"name":"DownloadList","decl":{"start":{"line":7,"column":16},"end":{"line":7,"column":31}},"loc":{"start":{"line":7,"column":31},"end":{"line":57,"column":null}},"line":7},"1":{"name":"(anonymous_1)","decl":{"start":{"line":18,"column":12},"end":{"line":18,"column":18}},"loc":{"start":{"line":18,"column":18},"end":{"line":22,"column":5}},"line":18},"2":{"name":"(anonymous_2)","decl":{"start":{"line":21,"column":11},"end":{"line":21,"column":17}},"loc":{"start":{"line":21,"column":17},"end":{"line":21,"column":null}},"line":21},"3":{"name":"(anonymous_3)","decl":{"start":{"line":48,"column":21},"end":{"line":48,"column":22}},"loc":{"start":{"line":49,"column":8},"end":{"line":53,"column":null}},"line":49}},"branchMap":{"0":{"loc":{"start":{"line":24,"column":2},"end":{"line":26,"column":null}},"type":"if","locations":[{"start":{"line":24,"column":2},"end":{"line":26,"column":null}},{"start":{},"end":{}}],"line":24},"1":{"loc":{"start":{"line":24,"column":6},"end":{"line":24,"column":41}},"type":"binary-expr","locations":[{"start":{"line":24,"column":6},"end":{"line":24,"column":17}},{"start":{"line":24,"column":17},"end":{"line":24,"column":41}}],"line":24},"2":{"loc":{"start":{"line":28,"column":2},"end":{"line":34,"column":null}},"type":"if","locations":[{"start":{"line":28,"column":2},"end":{"line":34,"column":null}},{"start":{},"end":{}}],"line":28},"3":{"loc":{"start":{"line":36,"column":2},"end":{"line":44,"column":null}},"type":"if","locations":[{"start":{"line":36,"column":2},"end":{"line":44,"column":null}},{"start":{},"end":{}}],"line":36}},"s":{"0":0,"1":0,"2":0,"3":0,"4":0,"5":0,"6":0,"7":0,"8":0,"9":0,"10":0,"11":0,"12":0,"13":0},"f":{"0":0,"1":0,"2":0,"3":0},"b":{"0":[0,0],"1":[0,0],"2":[0,0],"3":[0,0]},"meta":{"lastBranch":4,"lastFunction":4,"lastStatement":14,"seen":{"f:7:16:7:31":0,"s:16:2:16:Infinity":0,"s:18:2:22:Infinity":1,"f:18:12:18:18":1,"s:19:4:19:Infinity":2,"s:20:4:20:Infinity":3,"s:21:4:21:Infinity":4,"f:21:11:21:17":2,"s:21:17:21:Infinity":5,"b:24:2:26:Infinity:undefined:undefined:undefined:undefined":0,"s:24:2:26:Infinity":6,"b:24:6:24:17:24:17:24:41":1,"s:25:4:25:Infinity":7,"b:28:2:34:Infinity:undefined:undefined:undefined:undefined":2,"s:28:2:34:Infinity":8,"s:29:4:32:Infinity":9,"b:36:2:44:Infinity:undefined:undefined:undefined:undefined":3,"s:36:2:44:Infinity":10,"s:37:4:42:Infinity":11,"s:46:2:55:Infinity":12,"f:48:21:48:22":3,"s:49:8:53:Infinity":13}}}
,"C:\\Users\\devca\\OneDrive\\Documentos\\developer\\mangalivre\\frontend\\src\\features\\downloads\\index.ts": {"path":"C:\\Users\\devca\\OneDrive\\Documentos\\developer\\mangalivre\\frontend\\src\\features\\downloads\\index.ts","statementMap":{},"fnMap":{},"branchMap":{},"s":{},"f":{},"b":{},"meta":{"lastBranch":0,"lastFunction":0,"lastStatement":0,"seen":{}}}
,"C:\\Users\\devca\\OneDrive\\Documentos\\developer\\mangalivre\\frontend\\src\\features\\downloads\\start-download-form.tsx": {"path":"C:\\Users\\devca\\OneDrive\\Documentos\\developer\\mangalivre\\frontend\\src\\features\\downloads\\start-download-form.tsx","statementMap":{"0":{"start":{"line":9,"column":33},"end":{"line":9,"column":null}},"1":{"start":{"line":10,"column":20},"end":{"line":10,"column":null}},"2":{"start":{"line":11,"column":38},"end":{"line":11,"column":null}},"3":{"start":{"line":12,"column":34},"end":{"line":12,"column":null}},"4":{"start":{"line":13,"column":36},"end":{"line":13,"column":null}},"5":{"start":{"line":15,"column":23},"end":{"line":36,"column":null}},"6":{"start":{"line":16,"column":4},"end":{"line":16,"column":null}},"7":{"start":{"line":17,"column":4},"end":{"line":17,"column":null}},"8":{"start":{"line":17,"column":21},"end":{"line":17,"column":null}},"9":{"start":{"line":19,"column":19},"end":{"line":24,"column":null}},"10":{"start":{"line":26,"column":4},"end":{"line":35,"column":null}},"11":{"start":{"line":27,"column":6},"end":{"line":29,"column":null}},"12":{"start":{"line":30,"column":6},"end":{"line":30,"column":null}},"13":{"start":{"line":31,"column":6},"end":{"line":31,"column":null}},"14":{"start":{"line":32,"column":6},"end":{"line":32,"column":null}},"15":{"start":{"line":34,"column":6},"end":{"line":34,"column":null}},"16":{"start":{"line":38,"column":2},"end":{"line":92,"column":null}},"17":{"start":{"line":52,"column":31},"end":{"line":52,"column":null}},"18":{"start":{"line":64,"column":33},"end":{"line":64,"column":null}},"19":{"start":{"line":73,"column":33},"end":{"line":73,"column":null}},"20":{"start":{"line":81,"column":33},"end":{"line":81,"column":null}},"21":{"start":{"line":82,"column":51},"end":{"line":82,"column":88}}},"fnMap":{"0":{"name":"StartDownloadForm","decl":{"start":{"line":8,"column":16},"end":{"line":8,"column":36}},"loc":{"start":{"line":8,"column":36},"end":{"line":94,"column":null}},"line":8},"1":{"name":"(anonymous_1)","decl":{"start":{"line":15,"column":23},"end":{"line":15,"column":30}},"loc":{"start":{"line":15,"column":47},"end":{"line":36,"column":null}},"line":15},"2":{"name":"(anonymous_2)","decl":{"start":{"line":52,"column":24},"end":{"line":52,"column":25}},"loc":{"start":{"line":52,"column":31},"end":{"line":52,"column":null}},"line":52},"3":{"name":"(anonymous_3)","decl":{"start":{"line":64,"column":26},"end":{"line":64,"column":27}},"loc":{"start":{"line":64,"column":33},"end":{"line":64,"column":null}},"line":64},"4":{"name":"(anonymous_4)","decl":{"start":{"line":73,"column":26},"end":{"line":73,"column":27}},"loc":{"start":{"line":73,"column":33},"end":{"line":73,"column":null}},"line":73},"5":{"name":"(anonymous_5)","decl":{"start":{"line":81,"column":26},"end":{"line":81,"column":27}},"loc":{"start":{"line":81,"column":33},"end":{"line":81,"column":null}},"line":81},"6":{"name":"(anonymous_6)","decl":{"start":{"line":82,"column":43},"end":{"line":82,"column":44}},"loc":{"start":{"line":82,"column":51},"end":{"line":82,"column":88}},"line":82}},"branchMap":{"0":{"loc":{"start":{"line":17,"column":4},"end":{"line":17,"column":null}},"type":"if","locations":[{"start":{"line":17,"column":4},"end":{"line":17,"column":null}},{"start":{},"end":{}}],"line":17},"1":{"loc":{"start":{"line":21,"column":20},"end":{"line":21,"column":null}},"type":"binary-expr","locations":[{"start":{"line":21,"column":20},"end":{"line":21,"column":46}},{"start":{"line":21,"column":46},"end":{"line":21,"column":null}}],"line":21},"2":{"loc":{"start":{"line":22,"column":18},"end":{"line":22,"column":null}},"type":"cond-expr","locations":[{"start":{"line":22,"column":31},"end":{"line":22,"column":54}},{"start":{"line":22,"column":54},"end":{"line":22,"column":null}}],"line":22},"3":{"loc":{"start":{"line":26,"column":4},"end":{"line":35,"column":null}},"type":"if","locations":[{"start":{"line":26,"column":4},"end":{"line":35,"column":null}},{"start":{"line":33,"column":11},"end":{"line":35,"column":null}}],"line":26},"4":{"loc":{"start":{"line":86,"column":61},"end":{"line":86,"column":null}},"type":"binary-expr","locations":[{"start":{"line":86,"column":61},"end":{"line":86,"column":72}},{"start":{"line":86,"column":72},"end":{"line":86,"column":null}}],"line":86},"5":{"loc":{"start":{"line":88,"column":13},"end":{"line":88,"column":null}},"type":"cond-expr","locations":[{"start":{"line":88,"column":23},"end":{"line":88,"column":40}},{"start":{"line":88,"column":40},"end":{"line":88,"column":null}}],"line":88}},"s":{"0":0,"1":0,"2":0,"3":0,"4":0,"5":0,"6":0,"7":0,"8":0,"9":0,"10":0,"11":0,"12":0,"13":0,"14":0,"15":0,"16":0,"17":0,"18":0,"19":0,"20":0,"21":0},"f":{"0":0,"1":0,"2":0,"3":0,"4":0,"5":0,"6":0},"b":{"0":[0,0],"1":[0,0],"2":[0,0],"3":[0,0],"4":[0,0],"5":[0,0]},"meta":{"lastBranch":6,"lastFunction":7,"lastStatement":22,"seen":{"f:8:16:8:36":0,"s:9:33:9:Infinity":0,"s:10:20:10:Infinity":1,"s:11:38:11:Infinity":2,"s:12:34:12:Infinity":3,"s:13:36:13:Infinity":4,"s:15:23:36:Infinity":5,"f:15:23:15:30":1,"s:16:4:16:Infinity":6,"b:17:4:17:Infinity:undefined:undefined:undefined:undefined":0,"s:17:4:17:Infinity":7,"s:17:21:17:Infinity":8,"s:19:19:24:Infinity":9,"b:21:20:21:46:21:46:21:Infinity":1,"b:22:31:22:54:22:54:22:Infinity":2,"b:26:4:35:Infinity:33:11:35:Infinity":3,"s:26:4:35:Infinity":10,"s:27:6:29:Infinity":11,"s:30:6:30:Infinity":12,"s:31:6:31:Infinity":13,"s:32:6:32:Infinity":14,"s:34:6:34:Infinity":15,"s:38:2:92:Infinity":16,"f:52:24:52:25":2,"s:52:31:52:Infinity":17,"f:64:26:64:27":3,"s:64:33:64:Infinity":18,"f:73:26:73:27":4,"s:73:33:73:Infinity":19,"f:81:26:81:27":5,"s:81:33:81:Infinity":20,"f:82:43:82:44":6,"s:82:51:82:88":21,"b:86:61:86:72:86:72:86:Infinity":4,"b:88:23:88:40:88:40:88:Infinity":5}}}
,"C:\\Users\\devca\\OneDrive\\Documentos\\developer\\mangalivre\\frontend\\src\\features\\manga\\index.ts": {"path":"C:\\Users\\devca\\OneDrive\\Documentos\\developer\\mangalivre\\frontend\\src\\features\\manga\\index.ts","statementMap":{},"fnMap":{},"branchMap":{},"s":{},"f":{},"b":{},"meta":{"lastBranch":0,"lastFunction":0,"lastStatement":0,"seen":{}}}
,"C:\\Users\\devca\\OneDrive\\Documentos\\developer\\mangalivre\\frontend\\src\\features\\manga\\manga-card.tsx": {"path":"C:\\Users\\devca\\OneDrive\\Documentos\\developer\\mangalivre\\frontend\\src\\features\\manga\\manga-card.tsx","statementMap":{"0":{"start":{"line":11,"column":86},"end":{"line":16,"column":null}},"1":{"start":{"line":18,"column":45},"end":{"line":23,"column":null}},"2":{"start":{"line":26,"column":2},"end":{"line":73,"column":null}},"3":{"start":{"line":64,"column":18},"end":{"line":66,"column":null}}},"fnMap":{"0":{"name":"MangaCard","decl":{"start":{"line":25,"column":16},"end":{"line":25,"column":26}},"loc":{"start":{"line":25,"column":53},"end":{"line":75,"column":null}},"line":25},"1":{"name":"(anonymous_1)","decl":{"start":{"line":63,"column":46},"end":{"line":63,"column":47}},"loc":{"start":{"line":64,"column":18},"end":{"line":66,"column":null}},"line":64}},"branchMap":{"0":{"loc":{"start":{"line":32,"column":13},"end":{"line":41,"column":null}},"type":"cond-expr","locations":[{"start":{"line":33,"column":14},"end":{"line":37,"column":null}},{"start":{"line":39,"column":14},"end":{"line":41,"column":null}}],"line":32},"1":{"loc":{"start":{"line":50,"column":13},"end":{"line":51,"column":null}},"type":"binary-expr","locations":[{"start":{"line":50,"column":13},"end":{"line":50,"column":null}},{"start":{"line":51,"column":14},"end":{"line":51,"column":null}}],"line":50},"2":{"loc":{"start":{"line":54,"column":15},"end":{"line":57,"column":null}},"type":"binary-expr","locations":[{"start":{"line":54,"column":15},"end":{"line":54,"column":null}},{"start":{"line":55,"column":16},"end":{"line":57,"column":null}}],"line":54},"3":{"loc":{"start":{"line":55,"column":32},"end":{"line":55,"column":null}},"type":"binary-expr","locations":[{"start":{"line":55,"column":32},"end":{"line":55,"column":62}},{"start":{"line":55,"column":62},"end":{"line":55,"column":null}}],"line":55},"4":{"loc":{"start":{"line":56,"column":19},"end":{"line":56,"column":null}},"type":"binary-expr","locations":[{"start":{"line":56,"column":19},"end":{"line":56,"column":49}},{"start":{"line":56,"column":49},"end":{"line":56,"column":null}}],"line":56},"5":{"loc":{"start":{"line":61,"column":13},"end":{"line":68,"column":null}},"type":"binary-expr","locations":[{"start":{"line":61,"column":13},"end":{"line":61,"column":29}},{"start":{"line":61,"column":29},"end":{"line":61,"column":null}},{"start":{"line":62,"column":14},"end":{"line":68,"column":null}}],"line":61}},"s":{"0":0,"1":0,"2":0,"3":0},"f":{"0":0,"1":0},"b":{"0":[0,0],"1":[0,0],"2":[0,0],"3":[0,0],"4":[0,0],"5":[0,0,0]},"meta":{"lastBranch":6,"lastFunction":2,"lastStatement":4,"seen":{"s:11:86:16:Infinity":0,"s:18:45:23:Infinity":1,"f:25:16:25:26":0,"s:26:2:73:Infinity":2,"b:33:14:37:Infinity:39:14:41:Infinity":0,"b:50:13:50:Infinity:51:14:51:Infinity":1,"b:54:15:54:Infinity:55:16:57:Infinity":2,"b:55:32:55:62:55:62:55:Infinity":3,"b:56:19:56:49:56:49:56:Infinity":4,"b:61:13:61:29:61:29:61:Infinity:62:14:68:Infinity":5,"f:63:46:63:47":1,"s:64:18:66:Infinity":3}}}
,"C:\\Users\\devca\\OneDrive\\Documentos\\developer\\mangalivre\\frontend\\src\\features\\manga\\manga-detail.tsx": {"path":"C:\\Users\\devca\\OneDrive\\Documentos\\developer\\mangalivre\\frontend\\src\\features\\manga\\manga-detail.tsx","statementMap":{"0":{"start":{"line":21,"column":45},"end":{"line":26,"column":null}},"1":{"start":{"line":29,"column":21},"end":{"line":29,"column":null}},"2":{"start":{"line":30,"column":8},"end":{"line":30,"column":null}},"3":{"start":{"line":31,"column":19},"end":{"line":31,"column":null}},"4":{"start":{"line":32,"column":48},"end":{"line":32,"column":null}},"5":{"start":{"line":33,"column":50},"end":{"line":33,"column":null}},"6":{"start":{"line":35,"column":38},"end":{"line":35,"column":null}},"7":{"start":{"line":36,"column":34},"end":{"line":36,"column":null}},"8":{"start":{"line":37,"column":36},"end":{"line":37,"column":null}},"9":{"start":{"line":39,"column":2},"end":{"line":43,"column":null}},"10":{"start":{"line":40,"column":4},"end":{"line":42,"column":null}},"11":{"start":{"line":41,"column":6},"end":{"line":41,"column":null}},"12":{"start":{"line":45,"column":30},"end":{"line":62,"column":null}},"13":{"start":{"line":46,"column":4},"end":{"line":46,"column":null}},"14":{"start":{"line":47,"column":4},"end":{"line":47,"column":null}},"15":{"start":{"line":47,"column":19},"end":{"line":47,"column":null}},"16":{"start":{"line":49,"column":19},"end":{"line":54,"column":null}},"17":{"start":{"line":56,"column":4},"end":{"line":61,"column":null}},"18":{"start":{"line":57,"column":6},"end":{"line":59,"column":null}},"19":{"start":{"line":60,"column":6},"end":{"line":60,"column":null}},"20":{"start":{"line":64,"column":2},"end":{"line":66,"column":null}},"21":{"start":{"line":65,"column":4},"end":{"line":65,"column":null}},"22":{"start":{"line":68,"column":2},"end":{"line":80,"column":null}},"23":{"start":{"line":69,"column":4},"end":{"line":78,"column":null}},"24":{"start":{"line":71,"column":47},"end":{"line":71,"column":null}},"25":{"start":{"line":82,"column":2},"end":{"line":82,"column":null}},"26":{"start":{"line":82,"column":14},"end":{"line":82,"column":null}},"27":{"start":{"line":84,"column":2},"end":{"line":239,"column":null}},"28":{"start":{"line":86,"column":45},"end":{"line":86,"column":null}},"29":{"start":{"line":122,"column":39},"end":{"line":122,"column":null}},"30":{"start":{"line":131,"column":39},"end":{"line":131,"column":null}},"31":{"start":{"line":140,"column":37},"end":{"line":140,"column":null}},"32":{"start":{"line":141,"column":55},"end":{"line":141,"column":92}},"33":{"start":{"line":197,"column":18},"end":{"line":199,"column":null}},"34":{"start":{"line":215,"column":18},"end":{"line":232,"column":null}}},"fnMap":{"0":{"name":"MangaDetail","decl":{"start":{"line":28,"column":16},"end":{"line":28,"column":30}},"loc":{"start":{"line":28,"column":30},"end":{"line":241,"column":null}},"line":28},"1":{"name":"(anonymous_1)","decl":{"start":{"line":39,"column":12},"end":{"line":39,"column":18}},"loc":{"start":{"line":39,"column":18},"end":{"line":43,"column":5}},"line":39},"2":{"name":"(anonymous_2)","decl":{"start":{"line":45,"column":30},"end":{"line":45,"column":37}},"loc":{"start":{"line":45,"column":54},"end":{"line":62,"column":null}},"line":45},"3":{"name":"(anonymous_3)","decl":{"start":{"line":71,"column":41},"end":{"line":71,"column":47}},"loc":{"start":{"line":71,"column":47},"end":{"line":71,"column":null}},"line":71},"4":{"name":"(anonymous_4)","decl":{"start":{"line":86,"column":39},"end":{"line":86,"column":45}},"loc":{"start":{"line":86,"column":45},"end":{"line":86,"column":null}},"line":86},"5":{"name":"(anonymous_5)","decl":{"start":{"line":122,"column":32},"end":{"line":122,"column":33}},"loc":{"start":{"line":122,"column":39},"end":{"line":122,"column":null}},"line":122},"6":{"name":"(anonymous_6)","decl":{"start":{"line":131,"column":32},"end":{"line":131,"column":33}},"loc":{"start":{"line":131,"column":39},"end":{"line":131,"column":null}},"line":131},"7":{"name":"(anonymous_7)","decl":{"start":{"line":140,"column":30},"end":{"line":140,"column":31}},"loc":{"start":{"line":140,"column":37},"end":{"line":140,"column":null}},"line":140},"8":{"name":"(anonymous_8)","decl":{"start":{"line":141,"column":47},"end":{"line":141,"column":48}},"loc":{"start":{"line":141,"column":55},"end":{"line":141,"column":92}},"line":141},"9":{"name":"(anonymous_9)","decl":{"start":{"line":196,"column":34},"end":{"line":196,"column":35}},"loc":{"start":{"line":197,"column":18},"end":{"line":199,"column":null}},"line":197},"10":{"name":"(anonymous_10)","decl":{"start":{"line":214,"column":36},"end":{"line":214,"column":37}},"loc":{"start":{"line":215,"column":18},"end":{"line":232,"column":null}},"line":215}},"branchMap":{"0":{"loc":{"start":{"line":31,"column":19},"end":{"line":31,"column":null}},"type":"binary-expr","locations":[{"start":{"line":31,"column":19},"end":{"line":31,"column":46}},{"start":{"line":31,"column":46},"end":{"line":31,"column":null}}],"line":31},"1":{"loc":{"start":{"line":40,"column":4},"end":{"line":42,"column":null}},"type":"if","locations":[{"start":{"line":40,"column":4},"end":{"line":42,"column":null}},{"start":{},"end":{}}],"line":40},"2":{"loc":{"start":{"line":47,"column":4},"end":{"line":47,"column":null}},"type":"if","locations":[{"start":{"line":47,"column":4},"end":{"line":47,"column":null}},{"start":{},"end":{}}],"line":47},"3":{"loc":{"start":{"line":51,"column":20},"end":{"line":51,"column":null}},"type":"binary-expr","locations":[{"start":{"line":51,"column":20},"end":{"line":51,"column":46}},{"start":{"line":51,"column":46},"end":{"line":51,"column":null}}],"line":51},"4":{"loc":{"start":{"line":52,"column":18},"end":{"line":52,"column":null}},"type":"cond-expr","locations":[{"start":{"line":52,"column":31},"end":{"line":52,"column":54}},{"start":{"line":52,"column":54},"end":{"line":52,"column":null}}],"line":52},"5":{"loc":{"start":{"line":56,"column":4},"end":{"line":61,"column":null}},"type":"if","locations":[{"start":{"line":56,"column":4},"end":{"line":61,"column":null}},{"start":{},"end":{}}],"line":56},"6":{"loc":{"start":{"line":64,"column":2},"end":{"line":66,"column":null}},"type":"if","locations":[{"start":{"line":64,"column":2},"end":{"line":66,"column":null}},{"start":{},"end":{}}],"line":64},"7":{"loc":{"start":{"line":68,"column":2},"end":{"line":80,"column":null}},"type":"if","locations":[{"start":{"line":68,"column":2},"end":{"line":80,"column":null}},{"start":{},"end":{}}],"line":68},"8":{"loc":{"start":{"line":82,"column":2},"end":{"line":82,"column":null}},"type":"if","locations":[{"start":{"line":82,"column":2},"end":{"line":82,"column":null}},{"start":{},"end":{}}],"line":82},"9":{"loc":{"start":{"line":95,"column":13},"end":{"line":104,"column":null}},"type":"cond-expr","locations":[{"start":{"line":96,"column":14},"end":{"line":100,"column":null}},{"start":{"line":102,"column":14},"end":{"line":104,"column":null}}],"line":95},"10":{"loc":{"start":{"line":146,"column":19},"end":{"line":146,"column":null}},"type":"cond-expr","locations":[{"start":{"line":146,"column":37},"end":{"line":146,"column":54}},{"start":{"line":146,"column":54},"end":{"line":146,"column":null}}],"line":146},"11":{"loc":{"start":{"line":158,"column":15},"end":{"line":159,"column":null}},"type":"binary-expr","locations":[{"start":{"line":158,"column":15},"end":{"line":158,"column":null}},{"start":{"line":159,"column":16},"end":{"line":159,"column":null}}],"line":158},"12":{"loc":{"start":{"line":159,"column":24},"end":{"line":159,"column":67}},"type":"binary-expr","locations":[{"start":{"line":159,"column":24},"end":{"line":159,"column":54}},{"start":{"line":159,"column":54},"end":{"line":159,"column":67}}],"line":159},"13":{"loc":{"start":{"line":164,"column":10},"end":{"line":180,"column":null}},"type":"binary-expr","locations":[{"start":{"line":166,"column":12},"end":{"line":166,"column":28}},{"start":{"line":166,"column":28},"end":{"line":166,"column":null}},{"start":{"line":167,"column":12},"end":{"line":180,"column":null}}],"line":164},"14":{"loc":{"start":{"line":168,"column":15},"end":{"line":172,"column":null}},"type":"binary-expr","locations":[{"start":{"line":168,"column":15},"end":{"line":168,"column":null}},{"start":{"line":169,"column":16},"end":{"line":172,"column":null}}],"line":168},"15":{"loc":{"start":{"line":174,"column":15},"end":{"line":178,"column":null}},"type":"binary-expr","locations":[{"start":{"line":174,"column":15},"end":{"line":174,"column":null}},{"start":{"line":175,"column":16},"end":{"line":178,"column":null}}],"line":174},"16":{"loc":{"start":{"line":183,"column":11},"end":{"line":189,"column":null}},"type":"binary-expr","locations":[{"start":{"line":183,"column":11},"end":{"line":183,"column":null}},{"start":{"line":184,"column":12},"end":{"line":189,"column":null}}],"line":183},"17":{"loc":{"start":{"line":192,"column":11},"end":{"line":202,"column":null}},"type":"binary-expr","locations":[{"start":{"line":192,"column":11},"end":{"line":192,"column":27}},{"start":{"line":192,"column":27},"end":{"line":192,"column":null}},{"start":{"line":193,"column":12},"end":{"line":202,"column":null}}],"line":192},"18":{"loc":{"start":{"line":221,"column":23},"end":{"line":224,"column":null}},"type":"binary-expr","locations":[{"start":{"line":221,"column":23},"end":{"line":221,"column":null}},{"start":{"line":222,"column":24},"end":{"line":224,"column":null}}],"line":221},"19":{"loc":{"start":{"line":227,"column":21},"end":{"line":230,"column":null}},"type":"binary-expr","locations":[{"start":{"line":227,"column":21},"end":{"line":227,"column":null}},{"start":{"line":228,"column":22},"end":{"line":230,"column":null}}],"line":227}},"s":{"0":0,"1":0,"2":0,"3":0,"4":0,"5":0,"6":0,"7":0,"8":0,"9":0,"10":0,"11":0,"12":0,"13":0,"14":0,"15":0,"16":0,"17":0,"18":0,"19":0,"20":0,"21":0,"22":0,"23":0,"24":0,"25":0,"26":0,"27":0,"28":0,"29":0,"30":0,"31":0,"32":0,"33":0,"34":0},"f":{"0":0,"1":0,"2":0,"3":0,"4":0,"5":0,"6":0,"7":0,"8":0,"9":0,"10":0},"b":{"0":[0,0],"1":[0,0],"2":[0,0],"3":[0,0],"4":[0,0],"5":[0,0],"6":[0,0],"7":[0,0],"8":[0,0],"9":[0,0],"10":[0,0],"11":[0,0],"12":[0,0],"13":[0,0,0],"14":[0,0],"15":[0,0],"16":[0,0],"17":[0,0,0],"18":[0,0],"19":[0,0]},"meta":{"lastBranch":20,"lastFunction":11,"lastStatement":35,"seen":{"s:21:45:26:Infinity":0,"f:28:16:28:30":0,"s:29:21:29:Infinity":1,"s:30:8:30:Infinity":2,"s:31:19:31:Infinity":3,"b:31:19:31:46:31:46:31:Infinity":0,"s:32:48:32:Infinity":4,"s:33:50:33:Infinity":5,"s:35:38:35:Infinity":6,"s:36:34:36:Infinity":7,"s:37:36:37:Infinity":8,"s:39:2:43:Infinity":9,"f:39:12:39:18":1,"b:40:4:42:Infinity:undefined:undefined:undefined:undefined":1,"s:40:4:42:Infinity":10,"s:41:6:41:Infinity":11,"s:45:30:62:Infinity":12,"f:45:30:45:37":2,"s:46:4:46:Infinity":13,"b:47:4:47:Infinity:undefined:undefined:undefined:undefined":2,"s:47:4:47:Infinity":14,"s:47:19:47:Infinity":15,"s:49:19:54:Infinity":16,"b:51:20:51:46:51:46:51:Infinity":3,"b:52:31:52:54:52:54:52:Infinity":4,"b:56:4:61:Infinity:undefined:undefined:undefined:undefined":5,"s:56:4:61:Infinity":17,"s:57:6:59:Infinity":18,"s:60:6:60:Infinity":19,"b:64:2:66:Infinity:undefined:undefined:undefined:undefined":6,"s:64:2:66:Infinity":20,"s:65:4:65:Infinity":21,"b:68:2:80:Infinity:undefined:undefined:undefined:undefined":7,"s:68:2:80:Infinity":22,"s:69:4:78:Infinity":23,"f:71:41:71:47":3,"s:71:47:71:Infinity":24,"b:82:2:82:Infinity:undefined:undefined:undefined:undefined":8,"s:82:2:82:Infinity":25,"s:82:14:82:Infinity":26,"s:84:2:239:Infinity":27,"f:86:39:86:45":4,"s:86:45:86:Infinity":28,"b:96:14:100:Infinity:102:14:104:Infinity":9,"f:122:32:122:33":5,"s:122:39:122:Infinity":29,"f:131:32:131:33":6,"s:131:39:131:Infinity":30,"f:140:30:140:31":7,"s:140:37:140:Infinity":31,"f:141:47:141:48":8,"s:141:55:141:92":32,"b:146:37:146:54:146:54:146:Infinity":10,"b:158:15:158:Infinity:159:16:159:Infinity":11,"b:159:24:159:54:159:54:159:67":12,"b:166:12:166:28:166:28:166:Infinity:167:12:180:Infinity":13,"b:168:15:168:Infinity:169:16:172:Infinity":14,"b:174:15:174:Infinity:175:16:178:Infinity":15,"b:183:11:183:Infinity:184:12:189:Infinity":16,"b:192:11:192:27:192:27:192:Infinity:193:12:202:Infinity":17,"f:196:34:196:35":9,"s:197:18:199:Infinity":33,"f:214:36:214:37":10,"s:215:18:232:Infinity":34,"b:221:23:221:Infinity:222:24:224:Infinity":18,"b:227:21:227:Infinity:228:22:230:Infinity":19}}}
,"C:\\Users\\devca\\OneDrive\\Documentos\\developer\\mangalivre\\frontend\\src\\features\\manga\\manga-search.tsx": {"path":"C:\\Users\\devca\\OneDrive\\Documentos\\developer\\mangalivre\\frontend\\src\\features\\manga\\manga-search.tsx","statementMap":{"0":{"start":{"line":9,"column":20},"end":{"line":9,"column":null}},"1":{"start":{"line":10,"column":55},"end":{"line":10,"column":null}},"2":{"start":{"line":12,"column":23},"end":{"line":17,"column":null}},"3":{"start":{"line":13,"column":4},"end":{"line":13,"column":null}},"4":{"start":{"line":14,"column":4},"end":{"line":14,"column":null}},"5":{"start":{"line":14,"column":21},"end":{"line":14,"column":null}},"6":{"start":{"line":15,"column":4},"end":{"line":15,"column":null}},"7":{"start":{"line":16,"column":4},"end":{"line":16,"column":null}},"8":{"start":{"line":19,"column":2},"end":{"line":51,"column":null}},"9":{"start":{"line":24,"column":27},"end":{"line":24,"column":null}}},"fnMap":{"0":{"name":"MangaSearch","decl":{"start":{"line":8,"column":16},"end":{"line":8,"column":30}},"loc":{"start":{"line":8,"column":30},"end":{"line":53,"column":null}},"line":8},"1":{"name":"(anonymous_1)","decl":{"start":{"line":12,"column":23},"end":{"line":12,"column":24}},"loc":{"start":{"line":12,"column":41},"end":{"line":17,"column":null}},"line":12},"2":{"name":"(anonymous_2)","decl":{"start":{"line":24,"column":20},"end":{"line":24,"column":21}},"loc":{"start":{"line":24,"column":27},"end":{"line":24,"column":null}},"line":24}},"branchMap":{"0":{"loc":{"start":{"line":14,"column":4},"end":{"line":14,"column":null}},"type":"if","locations":[{"start":{"line":14,"column":4},"end":{"line":14,"column":null}},{"start":{},"end":{}}],"line":14},"1":{"loc":{"start":{"line":28,"column":40},"end":{"line":28,"column":null}},"type":"binary-expr","locations":[{"start":{"line":28,"column":40},"end":{"line":28,"column":51}},{"start":{"line":28,"column":51},"end":{"line":28,"column":null}}],"line":28},"2":{"loc":{"start":{"line":34,"column":7},"end":{"line":34,"column":null}},"type":"binary-expr","locations":[{"start":{"line":34,"column":7},"end":{"line":34,"column":18}},{"start":{"line":34,"column":18},"end":{"line":34,"column":null}}],"line":34},"3":{"loc":{"start":{"line":36,"column":7},"end":{"line":39,"column":null}},"type":"binary-expr","locations":[{"start":{"line":36,"column":7},"end":{"line":36,"column":null}},{"start":{"line":37,"column":8},"end":{"line":39,"column":null}}],"line":36},"4":{"loc":{"start":{"line":42,"column":7},"end":{"line":42,"column":null}},"type":"binary-expr","locations":[{"start":{"line":42,"column":7},"end":{"line":42,"column":19}},{"start":{"line":42,"column":19},"end":{"line":42,"column":29}},{"start":{"line":42,"column":29},"end":{"line":42,"column":38}},{"start":{"line":42,"column":38},"end":{"line":42,"column":null}}],"line":42},"5":{"loc":{"start":{"line":44,"column":7},"end":{"line":49,"column":null}},"type":"binary-expr","locations":[{"start":{"line":44,"column":7},"end":{"line":44,"column":19}},{"start":{"line":44,"column":19},"end":{"line":44,"column":29}},{"start":{"line":44,"column":29},"end":{"line":44,"column":null}},{"start":{"line":45,"column":8},"end":{"line":49,"column":null}}],"line":44}},"s":{"0":0,"1":0,"2":0,"3":0,"4":0,"5":0,"6":0,"7":0,"8":0,"9":0},"f":{"0":0,"1":0,"2":0},"b":{"0":[0,0],"1":[0,0],"2":[0,0],"3":[0,0],"4":[0,0,0,0],"5":[0,0,0,0]},"meta":{"lastBranch":6,"lastFunction":3,"lastStatement":10,"seen":{"f:8:16:8:30":0,"s:9:20:9:Infinity":0,"s:10:55:10:Infinity":1,"s:12:23:17:Infinity":2,"f:12:23:12:24":1,"s:13:4:13:Infinity":3,"b:14:4:14:Infinity:undefined:undefined:undefined:undefined":0,"s:14:4:14:Infinity":4,"s:14:21:14:Infinity":5,"s:15:4:15:Infinity":6,"s:16:4:16:Infinity":7,"s:19:2:51:Infinity":8,"f:24:20:24:21":2,"s:24:27:24:Infinity":9,"b:28:40:28:51:28:51:28:Infinity":1,"b:34:7:34:18:34:18:34:Infinity":2,"b:36:7:36:Infinity:37:8:39:Infinity":3,"b:42:7:42:19:42:19:42:29:42:29:42:38:42:38:42:Infinity":4,"b:44:7:44:19:44:19:44:29:44:29:44:Infinity:45:8:49:Infinity":5}}}
,"C:\\Users\\devca\\OneDrive\\Documentos\\developer\\mangalivre\\frontend\\src\\hooks\\index.ts": {"path":"C:\\Users\\devca\\OneDrive\\Documentos\\developer\\mangalivre\\frontend\\src\\hooks\\index.ts","statementMap":{},"fnMap":{},"branchMap":{},"s":{},"f":{},"b":{},"meta":{"lastBranch":0,"lastFunction":0,"lastStatement":0,"seen":{}}}
[...]
,"C:\\Users\\devca\\OneDrive\\Documentos\\developer\\mangalivre\\frontend\\src\\hooks\\use-manga.ts": {"path":"C:\\Users\\devca\\OneDrive\\Documentos\\developer\\mangalivre\\frontend\\src\\hooks\\use-manga.ts","statementMap":{"0":{"start":{"line":6,"column":24},"end":{"line":6,"column":null}},"1":{"start":{"line":7,"column":42},"end":{"line":7,"column":null}},"2":{"start":{"line":8,"column":28},"end":{"line":8,"column":null}},"3":{"start":{"line":9,"column":24},"end":{"line":9,"column":null}},"4":{"start":{"line":11,"column":8},"end":{"line":25,"column":null}},"5":{"start":{"line":12,"column":4},"end":{"line":12,"column":null}},"6":{"start":{"line":13,"column":4},"end":{"line":13,"column":null}},"7":{"start":{"line":14,"column":4},"end":{"line":24,"column":null}},"8":{"start":{"line":15,"column":19},"end":{"line":15,"column":null}},"9":{"start":{"line":16,"column":6},"end":{"line":16,"column":null}},"10":{"start":{"line":17,"column":6},"end":{"line":17,"column":null}},"11":{"start":{"line":19,"column":22},"end":{"line":19,"column":null}},"12":{"start":{"line":20,"column":6},"end":{"line":20,"column":null}},"13":{"start":{"line":21,"column":6},"end":{"line":21,"column":null}},"14":{"start":{"line":23,"column":6},"end":{"line":23,"column":null}},"15":{"start":{"line":27,"column":8},"end":{"line":41,"column":null}},"16":{"start":{"line":28,"column":4},"end":{"line":28,"column":null}},"17":{"start":{"line":29,"column":4},"end":{"line":29,"column":null}},"18":{"start":{"line":30,"column":4},"end":{"line":40,"column":null}},"19":{"start":{"line":31,"column":19},"end":{"line":31,"column":null}},"20":{"start":{"line":32,"column":6},"end":{"line":32,"column":null}},"21":{"start":{"line":33,"column":6},"end":{"line":33,"column":null}},"22":{"start":{"line":35,"column":22},"end":{"line":35,"column":null}},"23":{"start":{"line":36,"column":6},"end":{"line":36,"column":null}},"24":{"start":{"line":37,"column":6},"end":{"line":37,"column":null}},"25":{"start":{"line":39,"column":6},"end":{"line":39,"column":null}},"26":{"start":{"line":43,"column":8},"end":{"line":47,"column":null}},"27":{"start":{"line":44,"column":4},"end":{"line":44,"column":null}},"28":{"start":{"line":45,"column":4},"end":{"line":45,"column":null}},"29":{"start":{"line":46,"column":4},"end":{"line":46,"column":null}},"30":{"start":{"line":49,"column":2},"end":{"line":57,"column":null}}},"fnMap":{"0":{"name":"useManga","decl":{"start":{"line":5,"column":16},"end":{"line":5,"column":27}},"loc":{"start":{"line":5,"column":27},"end":{"line":58,"column":null}},"line":5},"1":{"name":"(anonymous_1)","decl":{"start":{"line":11,"column":37},"end":{"line":11,"column":44}},"loc":{"start":{"line":11,"column":60},"end":{"line":25,"column":5}},"line":11},"2":{"name":"(anonymous_2)","decl":{"start":{"line":27,"column":40},"end":{"line":27,"column":47}},"loc":{"start":{"line":27,"column":63},"end":{"line":41,"column":5}},"line":27},"3":{"name":"(anonymous_3)","decl":{"start":{"line":43,"column":28},"end":{"line":43,"column":34}},"loc":{"start":{"line":43,"column":34},"end":{"line":47,"column":5}},"line":43}},"branchMap":{"0":{"loc":{"start":{"line":19,"column":22},"end":{"line":19,"column":null}},"type":"cond-expr","locations":[{"start":{"line":19,"column":45},"end":{"line":19,"column":59}},{"start":{"line":19,"column":59},"end":{"line":19,"column":null}}],"line":19},"1":{"loc":{"start":{"line":35,"column":22},"end":{"line":35,"column":null}},"type":"cond-expr","locations":[{"start":{"line":35,"column":45},"end":{"line":35,"column":59}},{"start":{"line":35,"column":59},"end":{"line":35,"column":null}}],"line":35}},"s":{"0":0,"1":0,"2":0,"3":0,"4":0,"5":0,"6":0,"7":0,"8":0,"9":0,"10":0,"11":0,"12":0,"13":0,"14":0,"15":0,"16":0,"17":0,"18":0,"19":0,"20":0,"21":0,"22":0,"23":0,"24":0,"25":0,"26":0,"27":0,"28":0,"29":0,"30":0},"f":{"0":0,"1":0,"2":0,"3":0},"b":{"0":[0,0],"1":[0,0]},"meta":{"lastBranch":2,"lastFunction":4,"lastStatement":31,"seen":{"f:5:16:5:27":0,"s:6:24:6:Infinity":0,"s:7:42:7:Infinity":1,"s:8:28:8:Infinity":2,"s:9:24:9:Infinity":3,"s:11:8:25:Infinity":4,"f:11:37:11:44":1,"s:12:4:12:Infinity":5,"s:13:4:13:Infinity":6,"s:14:4:24:Infinity":7,"s:15:19:15:Infinity":8,"s:16:6:16:Infinity":9,"s:17:6:17:Infinity":10,"s:19:22:19:Infinity":11,"b:19:45:19:59:19:59:19:Infinity":0,"s:20:6:20:Infinity":12,"s:21:6:21:Infinity":13,"s:23:6:23:Infinity":14,"s:27:8:41:Infinity":15,"f:27:40:27:47":2,"s:28:4:28:Infinity":16,"s:29:4:29:Infinity":17,"s:30:4:40:Infinity":18,"s:31:19:31:Infinity":19,"s:32:6:32:Infinity":20,"s:33:6:33:Infinity":21,"s:35:22:35:Infinity":22,"b:35:45:35:59:35:59:35:Infinity":1,"s:36:6:36:Infinity":23,"s:37:6:37:Infinity":24,"s:39:6:39:Infinity":25,"s:43:8:47:Infinity":26,"f:43:28:43:34":3,"s:44:4:44:Infinity":27,"s:45:4:45:Infinity":28,"s:46:4:46:Infinity":29,"s:49:2:57:Infinity":30}}}
,"C:\\Users\\devca\\OneDrive\\Documentos\\developer\\mangalivre\\frontend\\src\\hooks\\use-system-stats.ts": {"path":"C:\\Users\\devca\\OneDrive\\Documentos\\developer\\mangalivre\\frontend\\src\\hooks\\use-system-stats.ts","statementMap":{"0":{"start":{"line":6,"column":24},"end":{"line":6,"column":null}},"1":{"start":{"line":7,"column":28},"end":{"line":7,"column":null}},"2":{"start":{"line":8,"column":24},"end":{"line":8,"column":null}},"3":{"start":{"line":10,"column":8},"end":{"line":22,"column":null}},"4":{"start":{"line":11,"column":4},"end":{"line":11,"column":null}},"5":{"start":{"line":12,"column":4},"end":{"line":12,"column":null}},"6":{"start":{"line":13,"column":4},"end":{"line":21,"column":null}},"7":{"start":{"line":14,"column":19},"end":{"line":14,"column":null}},"8":{"start":{"line":15,"column":6},"end":{"line":15,"column":null}},"9":{"start":{"line":17,"column":22},"end":{"line":17,"column":null}},"10":{"start":{"line":18,"column":6},"end":{"line":18,"column":null}},"11":{"start":{"line":20,"column":6},"end":{"line":20,"column":null}},"12":{"start":{"line":24,"column":2},"end":{"line":24,"column":null}}},"fnMap":{"0":{"name":"useSystemStats","decl":{"start":{"line":5,"column":16},"end":{"line":5,"column":33}},"loc":{"start":{"line":5,"column":33},"end":{"line":25,"column":null}},"line":5},"1":{"name":"(anonymous_1)","decl":{"start":{"line":10,"column":33},"end":{"line":10,"column":45}},"loc":{"start":{"line":10,"column":45},"end":{"line":22,"column":5}},"line":10}},"branchMap":{"0":{"loc":{"start":{"line":17,"column":22},"end":{"line":17,"column":null}},"type":"cond-expr","locations":[{"start":{"line":17,"column":45},"end":{"line":17,"column":59}},{"start":{"line":17,"column":59},"end":{"line":17,"column":null}}],"line":17}},"s":{"0":0,"1":0,"2":0,"3":0,"4":0,"5":0,"6":0,"7":0,"8":0,"9":0,"10":0,"11":0,"12":0},"f":{"0":0,"1":0},"b":{"0":[0,0]},"meta":{"lastBranch":1,"lastFunction":2,"lastStatement":13,"seen":{"f:5:16:5:33":0,"s:6:24:6:Infinity":0,"s:7:28:7:Infinity":1,"s:8:24:8:Infinity":2,"s:10:8:22:Infinity":3,"f:10:33:10:45":1,"s:11:4:11:Infinity":4,"s:12:4:12:Infinity":5,"s:13:4:21:Infinity":6,"s:14:19:14:Infinity":7,"s:15:6:15:Infinity":8,"s:17:22:17:Infinity":9,"b:17:45:17:59:17:59:17:Infinity":0,"s:18:6:18:Infinity":10,"s:20:6:20:Infinity":11,"s:24:2:24:Infinity":12}}}
,"C:\\Users\\devca\\OneDrive\\Documentos\\developer\\mangalivre\\frontend\\src\\lib\\constants.ts": {"path":"C:\\Users\\devca\\OneDrive\\Documentos\\developer\\mangalivre\\frontend\\src\\lib\\constants.ts","statementMap":{"0":{"start":{"line":1,"column":23},"end":{"line":1,"column":null}},"1":{"start":{"line":3,"column":22},"end":{"line":9,"column":null}},"2":{"start":{"line":11,"column":29},"end":{"line":11,"column":null}},"3":{"start":{"line":14,"column":62},"end":{"line":20,"column":null}},"4":{"start":{"line":22,"column":63},"end":{"line":26,"column":null}}},"fnMap":{},"branchMap":{"0":{"loc":{"start":{"line":1,"column":23},"end":{"line":1,"column":null}},"type":"binary-expr","locations":[{"start":{"line":1,"column":23},"end":{"line":1,"column":55}},{"start":{"line":1,"column":55},"end":{"line":1,"column":null}}],"line":1}},"s":{"0":0,"1":0,"2":0,"3":0,"4":0},"f":{},"b":{"0":[0,0]},"meta":{"lastBranch":1,"lastFunction":0,"lastStatement":5,"seen":{"s:1:23:1:Infinity":0,"b:1:23:1:55:1:55:1:Infinity":0,"s:3:22:9:Infinity":1,"s:11:29:11:Infinity":2,"s:14:62:20:Infinity":3,"s:22:63:26:Infinity":4}}}
,"C:\\Users\\devca\\OneDrive\\Documentos\\developer\\mangalivre\\frontend\\src\\lib\\utils.ts": {"path":"C:\\Users\\devca\\OneDrive\\Documentos\\developer\\mangalivre\\frontend\\src\\lib\\utils.ts","statementMap":{"0":{"start":{"line":5,"column":2},"end":{"line":5,"column":null}}},"fnMap":{"0":{"name":"cn","decl":{"start":{"line":4,"column":16},"end":{"line":4,"column":22}},"loc":{"start":{"line":4,"column":44},"end":{"line":6,"column":null}},"line":4}},"branchMap":{},"s":{"0":4},"f":{"0":4},"b":{},"meta":{"lastBranch":0,"lastFunction":1,"lastStatement":1,"seen":{"f:4:16:4:22":0,"s:5:2:5:Infinity":0}}}
,"C:\\Users\\devca\\OneDrive\\Documentos\\developer\\mangalivre\\frontend\\src\\services\\connector.service.ts": {"path":"C:\\Users\\devca\\OneDrive\\Documentos\\developer\\mangalivre\\frontend\\src\\services\\connector.service.ts","statementMap":{"0":{"start":{"line":8,"column":32},"end":{"line":26,"column":null}},"1":{"start":{"line":10,"column":21},"end":{"line":10,"column":null}},"2":{"start":{"line":11,"column":4},"end":{"line":11,"column":null}},"3":{"start":{"line":15,"column":21},"end":{"line":15,"column":null}},"4":{"start":{"line":16,"column":4},"end":{"line":16,"column":null}},"5":{"start":{"line":20,"column":21},"end":{"line":23,"column":null}},"6":{"start":{"line":24,"column":4},"end":{"line":24,"column":null}}},"fnMap":{"0":{"name":"(anonymous_0)","decl":{"start":{"line":9,"column":8},"end":{"line":9,"column":44}},"loc":{"start":{"line":9,"column":44},"end":{"line":12,"column":null}},"line":9},"1":{"name":"(anonymous_1)","decl":{"start":{"line":14,"column":8},"end":{"line":14,"column":42}},"loc":{"start":{"line":14,"column":42},"end":{"line":17,"column":null}},"line":14},"2":{"name":"(anonymous_2)","decl":{"start":{"line":19,"column":8},"end":{"line":19,"column":20}},"loc":{"start":{"line":19,"column":82},"end":{"line":25,"column":null}},"line":19}},"branchMap":{},"s":{"0":0,"1":0,"2":0,"3":0,"4":0,"5":0,"6":0},"f":{"0":0,"1":0,"2":0},"b":{},"meta":{"lastBranch":0,"lastFunction":3,"lastStatement":7,"seen":{"s:8:32:26:Infinity":0,"f:9:8:9:44":0,"s:10:21:10:Infinity":1,"s:11:4:11:Infinity":2,"f:14:8:14:42":1,"s:15:21:15:Infinity":3,"s:16:4:16:Infinity":4,"f:19:8:19:20":2,"s:20:21:23:Infinity":5,"s:24:4:24:Infinity":6}}}
,"C:\\Users\\devca\\OneDrive\\Documentos\\developer\\mangalivre\\frontend\\src\\services\\download.service.ts": {"path":"C:\\Users\\devca\\OneDrive\\Documentos\\developer\\mangalivre\\frontend\\src\\services\\download.service.ts","statementMap":{"0":{"start":{"line":11,"column":31},"end":{"line":36,"column":null}},"1":{"start":{"line":13,"column":21},"end":{"line":13,"column":null}},"2":{"start":{"line":14,"column":4},"end":{"line":14,"column":null}},"3":{"start":{"line":18,"column":21},"end":{"line":18,"column":null}},"4":{"start":{"line":19,"column":4},"end":{"line":19,"column":null}},"5":{"start":{"line":23,"column":21},"end":{"line":23,"column":null}},"6":{"start":{"line":24,"column":4},"end":{"line":24,"column":null}},"7":{"start":{"line":28,"column":21},"end":{"line":28,"column":null}},"8":{"start":{"line":29,"column":4},"end":{"line":29,"column":null}},"9":{"start":{"line":33,"column":21},"end":{"line":33,"column":null}},"10":{"start":{"line":34,"column":4},"end":{"line":34,"column":null}}},"fnMap":{"0":{"name":"(anonymous_0)","decl":{"start":{"line":12,"column":8},"end":{"line":12,"column":43}},"loc":{"start":{"line":12,"column":43},"end":{"line":15,"column":null}},"line":12},"1":{"name":"(anonymous_1)","decl":{"start":{"line":17,"column":8},"end":{"line":17,"column":18}},"loc":{"start":{"line":17,"column":49},"end":{"line":20,"column":null}},"line":17},"2":{"name":"(anonymous_2)","decl":{"start":{"line":22,"column":8},"end":{"line":22,"column":14}},"loc":{"start":{"line":22,"column":74},"end":{"line":25,"column":null}},"line":22},"3":{"name":"(anonymous_3)","decl":{"start":{"line":27,"column":8},"end":{"line":27,"column":24}},"loc":{"start":{"line":27,"column":88},"end":{"line":30,"column":null}},"line":27},"4":{"name":"(anonymous_4)","decl":{"start":{"line":32,"column":8},"end":{"line":32,"column":15}},"loc":{"start":{"line":32,"column":57},"end":{"line":35,"column":null}},"line":32}},"branchMap":{},"s":{"0":0,"1":0,"2":0,"3":0,"4":0,"5":0,"6":0,"7":0,"8":0,"9":0,"10":0},"f":{"0":0,"1":0,"2":0,"3":0,"4":0},"b":{},"meta":{"lastBranch":0,"lastFunction":5,"lastStatement":11,"seen":{"s:11:31:36:Infinity":0,"f:12:8:12:43":0,"s:13:21:13:Infinity":1,"s:14:4:14:Infinity":2,"f:17:8:17:18":1,"s:18:21:18:Infinity":3,"s:19:4:19:Infinity":4,"f:22:8:22:14":2,"s:23:21:23:Infinity":5,"s:24:4:24:Infinity":6,"f:27:8:27:24":3,"s:28:21:28:Infinity":7,"s:29:4:29:Infinity":8,"f:32:8:32:15":4,"s:33:21:33:Infinity":9,"s:34:4:34:Infinity":10}}}
,"C:\\Users\\devca\\OneDrive\\Documentos\\developer\\mangalivre\\frontend\\src\\services\\http.ts": {"path":"C:\\Users\\devca\\OneDrive\\Documentos\\developer\\mangalivre\\frontend\\src\\services\\http.ts","statementMap":{"0":{"start":{"line":4,"column":21},"end":{"line":4,"column":null}},"1":{"start":{"line":7,"column":17},"end":{"line":13,"column":null}},"2":{"start":{"line":15,"column":2},"end":{"line":28,"column":null}},"3":{"start":{"line":16,"column":18},"end":{"line":16,"column":null}},"4":{"start":{"line":19,"column":8},"end":{"line":19,"column":null}},"5":{"start":{"line":21,"column":6},"end":{"line":24,"column":null}},"6":{"start":{"line":26,"column":6},"end":{"line":26,"column":null}},"7":{"start":{"line":30,"column":2},"end":{"line":30,"column":null}},"8":{"start":{"line":33,"column":20},"end":{"line":33,"column":null}}},"fnMap":{"0":{"name":"createHttpClient","decl":{"start":{"line":6,"column":9},"end":{"line":6,"column":43}},"loc":{"start":{"line":6,"column":43},"end":{"line":31,"column":null}},"line":6},"1":{"name":"(anonymous_1)","decl":{"start":{"line":16,"column":4},"end":{"line":16,"column":5}},"loc":{"start":{"line":16,"column":18},"end":{"line":16,"column":null}},"line":16},"2":{"name":"(anonymous_2)","decl":{"start":{"line":17,"column":4},"end":{"line":17,"column":5}},"loc":{"start":{"line":17,"column":37},"end":{"line":27,"column":null}},"line":17}},"branchMap":{"0":{"loc":{"start":{"line":4,"column":21},"end":{"line":4,"column":null}},"type":"binary-expr","locations":[{"start":{"line":4,"column":21},"end":{"line":4,"column":53}},{"start":{"line":4,"column":53},"end":{"line":4,"column":null}}],"line":4},"1":{"loc":{"start":{"line":19,"column":8},"end":{"line":19,"column":null}},"type":"binary-expr","locations":[{"start":{"line":19,"column":8},"end":{"line":19,"column":41}},{"start":{"line":19,"column":41},"end":{"line":19,"column":58}},{"start":{"line":19,"column":58},"end":{"line":19,"column":null}}],"line":19}},"s":{"0":0,"1":0,"2":0,"3":0,"4":0,"5":0,"6":0,"7":0,"8":0},"f":{"0":0,"1":0,"2":0},"b":{"0":[0,0],"1":[0,0,0]},"meta":{"lastBranch":2,"lastFunction":3,"lastStatement":9,"seen":{"s:4:21:4:Infinity":0,"b:4:21:4:53:4:53:4:Infinity":0,"f:6:9:6:43":0,"s:7:17:13:Infinity":1,"s:15:2:28:Infinity":2,"f:16:4:16:5":1,"s:16:18:16:Infinity":3,"f:17:4:17:5":2,"s:19:8:19:Infinity":4,"b:19:8:19:41:19:41:19:58:19:58:19:Infinity":1,"s:21:6:24:Infinity":5,"s:26:6:26:Infinity":6,"s:30:2:30:Infinity":7,"s:33:20:33:Infinity":8}}}
,"C:\\Users\\devca\\OneDrive\\Documentos\\developer\\mangalivre\\frontend\\src\\services\\index.ts": {"path":"C:\\Users\\devca\\OneDrive\\Documentos\\developer\\mangalivre\\frontend\\src\\services\\index.ts","statementMap":{},"fnMap":{},"branchMap":{},"s":{},"f":{},"b":{},"meta":{"lastBranch":0,"lastFunction":0,"lastStatement":0,"seen":{}}}
,"C:\\Users\\devca\\OneDrive\\Documentos\\developer\\mangalivre\\frontend\\src\\services\\manga.service.ts": {"path":"C:\\Users\\devca\\OneDrive\\Documentos\\developer\\mangalivre\\frontend\\src\\services\\manga.service.ts","statementMap":{"0":{"start":{"line":4,"column":28},"end":{"line":18,"column":null}},"1":{"start":{"line":6,"column":21},"end":{"line":8,"column":null}},"2":{"start":{"line":9,"column":4},"end":{"line":9,"column":null}},"3":{"start":{"line":13,"column":21},"end":{"line":15,"column":null}},"4":{"start":{"line":16,"column":4},"end":{"line":16,"column":null}}},"fnMap":{"0":{"name":"(anonymous_0)","decl":{"start":{"line":5,"column":8},"end":{"line":5,"column":16}},"loc":{"start":{"line":5,"column":45},"end":{"line":10,"column":null}},"line":5},"1":{"name":"(anonymous_1)","decl":{"start":{"line":12,"column":8},"end":{"line":12,"column":24}},"loc":{"start":{"line":12,"column":62},"end":{"line":17,"column":null}},"line":12}},"branchMap":{},"s":{"0":1,"1":2,"2":1,"3":1,"4":1},"f":{"0":2,"1":1},"b":{},"meta":{"lastBranch":0,"lastFunction":2,"lastStatement":5,"seen":{"s:4:28:18:Infinity":0,"f:5:8:5:16":0,"s:6:21:8:Infinity":1,"s:9:4:9:Infinity":2,"f:12:8:12:24":1,"s:13:21:15:Infinity":3,"s:16:4:16:Infinity":4}}}
,"C:\\Users\\devca\\OneDrive\\Documentos\\developer\\mangalivre\\frontend\\src\\services\\system.service.ts": {"path":"C:\\Users\\devca\\OneDrive\\Documentos\\developer\\mangalivre\\frontend\\src\\services\\system.service.ts","statementMap":{"0":{"start":{"line":4,"column":29},"end":{"line":9,"column":null}},"1":{"start":{"line":6,"column":21},"end":{"line":6,"column":null}},"2":{"start":{"line":7,"column":4},"end":{"line":7,"column":null}}},"fnMap":{"0":{"name":"(anonymous_0)","decl":{"start":{"line":5,"column":8},"end":{"line":5,"column":41}},"loc":{"start":{"line":5,"column":41},"end":{"line":8,"column":null}},"line":5}},"branchMap":{},"s":{"0":0,"1":0,"2":0},"f":{"0":0},"b":{},"meta":{"lastBranch":0,"lastFunction":1,"lastStatement":3,"seen":{"s:4:29:9:Infinity":0,"f:5:8:5:41":0,"s:6:21:6:Infinity":1,"s:7:4:7:Infinity":2}}}
,"C:\\Users\\devca\\OneDrive\\Documentos\\developer\\mangalivre\\frontend\\src\\services\\types.ts": {"path":"C:\\Users\\devca\\OneDrive\\Documentos\\developer\\mangalivre\\frontend\\src\\services\\types.ts","statementMap":{},"fnMap":{},"branchMap":{},"s":{},"f":{},"b":{},"meta":{"lastBranch":0,"lastFunction":0,"lastStatement":0,"seen":{}}}
}
